<?xml version="1.0" encoding="UTF-8"?>
<testsuite name="Illustrator.TestScenarios" failures="1" tests="35" time="68.65" errors="0">
  <properties/>
  <testcase name="@BeforeMethod beforeMethod" time="0.0" classname="Illustrator.TestScenarios">
    <failure type="org.openqa.selenium.NoSuchWindowException" message="no such window: target window already closed
from unknown error: web view not found
  (Session info: chrome=46.0.2490.86)
  (Driver info: chromedriver=2.20.353145 (343b531d31eeb933ec778dbcf7081628a1396067),platform=Windows NT 6.1 SP1 x86_64) (WARNING: The server did not provide any stacktrace information)
Command duration or timeout: 3 milliseconds
Build info: version: &apos;2.47.1&apos;, revision: &apos;411b314&apos;, time: &apos;2015-07-30 02:56:46&apos;
System info: host: &apos;TDG-WKS-332x&apos;, ip: &apos;172.16.24.10&apos;, os.name: &apos;Windows 7&apos;, os.arch: &apos;amd64&apos;, os.version: &apos;6.1&apos;, java.version: &apos;1.8.0_25&apos;
Driver info: org.openqa.selenium.chrome.ChromeDriver
Capabilities [{applicationCacheEnabled=false, rotatable=false, mobileEmulationEnabled=false, chrome={userDataDir=C:\Users\VICTOR~1\AppData\Local\Temp\scoped_dir22064_9952}, takesHeapSnapshot=true, databaseEnabled=false, handlesAlerts=true, hasTouchScreen=false, version=46.0.2490.86, platform=XP, browserConnectionEnabled=false, nativeEvents=true, acceptSslCerts=true, locationContextEnabled=true, webStorageEnabled=true, browserName=chrome, takesScreenshot=true, javascriptEnabled=true, cssSelectorsEnabled=true}]
Session ID: 3a59d7dfc8b3e90361906dcd07cc6abc">
      <![CDATA[org.openqa.selenium.NoSuchWindowException: no such window: target window already closed
from unknown error: web view not found
  (Session info: chrome=46.0.2490.86)
  (Driver info: chromedriver=2.20.353145 (343b531d31eeb933ec778dbcf7081628a1396067),platform=Windows NT 6.1 SP1 x86_64) (WARNING: The server did not provide any stacktrace information)
Command duration or timeout: 3 milliseconds
Build info: version: '2.47.1', revision: '411b314', time: '2015-07-30 02:56:46'
System info: host: 'TDG-WKS-332x', ip: '172.16.24.10', os.name: 'Windows 7', os.arch: 'amd64', os.version: '6.1', java.version: '1.8.0_25'
Driver info: org.openqa.selenium.chrome.ChromeDriver
Capabilities [{applicationCacheEnabled=false, rotatable=false, mobileEmulationEnabled=false, chrome={userDataDir=C:\Users\VICTOR~1\AppData\Local\Temp\scoped_dir22064_9952}, takesHeapSnapshot=true, databaseEnabled=false, handlesAlerts=true, hasTouchScreen=false, version=46.0.2490.86, platform=XP, browserConnectionEnabled=false, nativeEvents=true, acceptSslCerts=true, locationContextEnabled=true, webStorageEnabled=true, browserName=chrome, takesScreenshot=true, javascriptEnabled=true, cssSelectorsEnabled=true}]
Session ID: 3a59d7dfc8b3e90361906dcd07cc6abc
	at org.openqa.selenium.remote.ErrorHandler.createThrowable(ErrorHandler.java:206)
	at org.openqa.selenium.remote.ErrorHandler.throwIfResponseFailed(ErrorHandler.java:158)
	at org.openqa.selenium.remote.RemoteWebDriver.execute(RemoteWebDriver.java:595)
	at org.openqa.selenium.remote.RemoteWebDriver.get(RemoteWebDriver.java:306)
	at Illustrator.TestScenarios.beforeMethod(TestScenarios.java:127)
... Removed 28 stack frames]]>
    </failure>
  </testcase>
  <testcase name="@AfterMethod afterMethod" time="0.0" classname="Illustrator.TestScenarios">
    <skipped/>
  </testcase>
  <testcase name="@BeforeMethod beforeMethod" time="0.0" classname="Illustrator.TestScenarios">
    <skipped/>
  </testcase>
  <testcase name="@AfterMethod afterMethod" time="0.0" classname="Illustrator.TestScenarios">
    <skipped/>
  </testcase>
  <testcase name="@BeforeMethod beforeMethod" time="0.0" classname="Illustrator.TestScenarios">
    <skipped/>
  </testcase>
  <testcase name="@AfterMethod afterMethod" time="0.0" classname="Illustrator.TestScenarios">
    <skipped/>
  </testcase>
  <testcase name="@BeforeMethod beforeMethod" time="0.0" classname="Illustrator.TestScenarios">
    <skipped/>
  </testcase>
  <testcase name="@AfterMethod afterMethod" time="0.0" classname="Illustrator.TestScenarios">
    <skipped/>
  </testcase>
  <testcase name="@BeforeMethod beforeMethod" time="0.0" classname="Illustrator.TestScenarios">
    <skipped/>
  </testcase>
  <testcase name="@AfterMethod afterMethod" time="0.0" classname="Illustrator.TestScenarios">
    <skipped/>
  </testcase>
  <testcase name="@BeforeMethod beforeMethod" time="0.0" classname="Illustrator.TestScenarios">
    <skipped/>
  </testcase>
  <testcase name="@AfterMethod afterMethod" time="0.0" classname="Illustrator.TestScenarios">
    <skipped/>
  </testcase>
  <testcase name="@BeforeMethod beforeMethod" time="0.0" classname="Illustrator.TestScenarios">
    <skipped/>
  </testcase>
  <testcase name="@AfterMethod afterMethod" time="0.0" classname="Illustrator.TestScenarios">
    <skipped/>
  </testcase>
  <testcase name="@BeforeMethod beforeMethod" time="0.0" classname="Illustrator.TestScenarios">
    <skipped/>
  </testcase>
  <testcase name="@AfterMethod afterMethod" time="0.0" classname="Illustrator.TestScenarios">
    <skipped/>
  </testcase>
  <testcase name="@BeforeMethod beforeMethod" time="0.0" classname="Illustrator.TestScenarios">
    <skipped/>
  </testcase>
  <testcase name="@AfterMethod afterMethod" time="0.0" classname="Illustrator.TestScenarios">
    <skipped/>
  </testcase>
  <testcase name="@BeforeMethod beforeMethod" time="0.0" classname="Illustrator.TestScenarios">
    <skipped/>
  </testcase>
  <testcase name="@AfterMethod afterMethod" time="0.0" classname="Illustrator.TestScenarios">
    <skipped/>
  </testcase>
  <testcase name="@BeforeMethod beforeMethod" time="0.0" classname="Illustrator.TestScenarios">
    <skipped/>
  </testcase>
  <testcase name="@AfterMethod afterMethod" time="0.0" classname="Illustrator.TestScenarios">
    <skipped/>
  </testcase>
  <testcase name="@BeforeMethod beforeMethod" time="0.0" classname="Illustrator.TestScenarios">
    <skipped/>
  </testcase>
  <testcase name="@AfterMethod afterMethod" time="0.0" classname="Illustrator.TestScenarios">
    <skipped/>
  </testcase>
  <testcase name="@BeforeMethod beforeMethod" time="0.0" classname="Illustrator.TestScenarios">
    <skipped/>
  </testcase>
  <testcase name="@AfterMethod afterMethod" time="0.0" classname="Illustrator.TestScenarios">
    <skipped/>
  </testcase>
  <testcase name="@BeforeMethod beforeMethod" time="0.0" classname="Illustrator.TestScenarios">
    <skipped/>
  </testcase>
  <testcase name="@AfterMethod afterMethod" time="0.0" classname="Illustrator.TestScenarios">
    <skipped/>
  </testcase>
  <testcase name="@BeforeMethod beforeMethod" time="0.0" classname="Illustrator.TestScenarios">
    <skipped/>
  </testcase>
  <testcase name="@AfterMethod afterMethod" time="0.0" classname="Illustrator.TestScenarios">
    <skipped/>
  </testcase>
  <testcase name="@BeforeMethod beforeMethod" time="0.0" classname="Illustrator.TestScenarios">
    <skipped/>
  </testcase>
  <testcase name="@AfterMethod afterMethod" time="0.0" classname="Illustrator.TestScenarios">
    <skipped/>
  </testcase>
  <testcase name="@BeforeMethod beforeMethod" time="0.0" classname="Illustrator.TestScenarios">
    <skipped/>
  </testcase>
  <testcase name="@AfterMethod afterMethod" time="0.0" classname="Illustrator.TestScenarios">
    <skipped/>
  </testcase>
  <testcase name="@BeforeMethod beforeMethod" time="0.0" classname="Illustrator.TestScenarios">
    <skipped/>
  </testcase>
  <testcase name="@AfterMethod afterMethod" time="0.0" classname="Illustrator.TestScenarios">
    <skipped/>
  </testcase>
  <testcase name="@BeforeMethod beforeMethod" time="0.0" classname="Illustrator.TestScenarios">
    <skipped/>
  </testcase>
  <testcase name="@AfterMethod afterMethod" time="0.0" classname="Illustrator.TestScenarios">
    <skipped/>
  </testcase>
  <testcase name="@BeforeMethod beforeMethod" time="0.0" classname="Illustrator.TestScenarios">
    <skipped/>
  </testcase>
  <testcase name="@AfterMethod afterMethod" time="0.0" classname="Illustrator.TestScenarios">
    <skipped/>
  </testcase>
  <testcase name="@BeforeMethod beforeMethod" time="0.0" classname="Illustrator.TestScenarios">
    <skipped/>
  </testcase>
  <testcase name="@AfterMethod afterMethod" time="0.0" classname="Illustrator.TestScenarios">
    <skipped/>
  </testcase>
  <testcase name="@BeforeMethod beforeMethod" time="0.0" classname="Illustrator.TestScenarios">
    <skipped/>
  </testcase>
  <testcase name="@AfterMethod afterMethod" time="0.0" classname="Illustrator.TestScenarios">
    <skipped/>
  </testcase>
  <testcase name="@BeforeMethod beforeMethod" time="0.0" classname="Illustrator.TestScenarios">
    <skipped/>
  </testcase>
  <testcase name="@AfterMethod afterMethod" time="0.0" classname="Illustrator.TestScenarios">
    <skipped/>
  </testcase>
  <testcase name="@BeforeMethod beforeMethod" time="0.0" classname="Illustrator.TestScenarios">
    <skipped/>
  </testcase>
  <testcase name="@AfterMethod afterMethod" time="0.0" classname="Illustrator.TestScenarios">
    <skipped/>
  </testcase>
  <testcase name="@BeforeMethod beforeMethod" time="0.0" classname="Illustrator.TestScenarios">
    <skipped/>
  </testcase>
  <testcase name="@AfterMethod afterMethod" time="0.0" classname="Illustrator.TestScenarios">
    <skipped/>
  </testcase>
  <testcase name="@BeforeMethod beforeMethod" time="0.0" classname="Illustrator.TestScenarios">
    <skipped/>
  </testcase>
  <testcase name="@AfterMethod afterMethod" time="0.0" classname="Illustrator.TestScenarios">
    <skipped/>
  </testcase>
  <testcase name="@BeforeMethod beforeMethod" time="0.0" classname="Illustrator.TestScenarios">
    <skipped/>
  </testcase>
  <testcase name="@AfterMethod afterMethod" time="0.0" classname="Illustrator.TestScenarios">
    <skipped/>
  </testcase>
  <testcase name="@BeforeMethod beforeMethod" time="0.0" classname="Illustrator.TestScenarios">
    <skipped/>
  </testcase>
  <testcase name="@AfterMethod afterMethod" time="0.0" classname="Illustrator.TestScenarios">
    <skipped/>
  </testcase>
  <testcase name="@BeforeMethod beforeMethod" time="0.0" classname="Illustrator.TestScenarios">
    <skipped/>
  </testcase>
  <testcase name="@AfterMethod afterMethod" time="0.0" classname="Illustrator.TestScenarios">
    <skipped/>
  </testcase>
  <testcase name="@BeforeMethod beforeMethod" time="0.0" classname="Illustrator.TestScenarios">
    <skipped/>
  </testcase>
  <testcase name="@AfterMethod afterMethod" time="0.0" classname="Illustrator.TestScenarios">
    <skipped/>
  </testcase>
  <testcase name="@BeforeMethod beforeMethod" time="0.0" classname="Illustrator.TestScenarios">
    <skipped/>
  </testcase>
  <testcase name="@AfterMethod afterMethod" time="0.0" classname="Illustrator.TestScenarios">
    <skipped/>
  </testcase>
  <testcase name="@BeforeMethod beforeMethod" time="0.0" classname="Illustrator.TestScenarios">
    <skipped/>
  </testcase>
  <testcase name="@AfterMethod afterMethod" time="0.0" classname="Illustrator.TestScenarios">
    <skipped/>
  </testcase>
  <testcase name="@BeforeMethod beforeMethod" time="0.0" classname="Illustrator.TestScenarios">
    <skipped/>
  </testcase>
  <testcase name="@AfterMethod afterMethod" time="0.0" classname="Illustrator.TestScenarios">
    <skipped/>
  </testcase>
  <testcase name="@BeforeMethod beforeMethod" time="0.0" classname="Illustrator.TestScenarios">
    <skipped/>
  </testcase>
  <testcase name="@AfterMethod afterMethod" time="0.0" classname="Illustrator.TestScenarios">
    <skipped/>
  </testcase>
  <testcase name="@AfterClass end" time="0.0" classname="Illustrator.TestScenarios">
    <skipped/>
  </testcase>
  <testcase name="TS13_EDBwBNoNaicStrongest" time="28.342" classname="Illustrator.TestScenarios">
    <failure type="java.lang.NullPointerException">
      <![CDATA[java.lang.NullPointerException
	at org.openqa.selenium.support.pagefactory.internal.LocatingElementHandler.invoke(LocatingElementHandler.java:51)
	at com.sun.proxy.$Proxy7.sendKeys(Unknown Source)
	at Illustrator.Illustration.setRider(Illustration.java:754)
	at Illustrator.None.<init>(None.java:11)
	at Illustrator.TestScenarios.TS13_EDBwBNoNaicStrongest(TestScenarios.java:832)
... Removed 26 stack frames]]>
    </failure>
  </testcase>
  <testcase name="TS35_EDBwBMozaLevelAssumed" time="0.001" classname="Illustrator.TestScenarios">
    <skipped/>
  </testcase>
  <testcase name="TS34_EDBMozaLevelAssumed" time="0.001" classname="Illustrator.TestScenarios">
    <skipped/>
  </testcase>
  <testcase name="TS27_EDBNaicVariableAssumed" time="0.003" classname="Illustrator.TestScenarios">
    <skipped/>
  </testcase>
  <testcase name="TS33_IncomeBonusMozaLevelAssumed" time="0.001" classname="Illustrator.TestScenarios">
    <skipped/>
  </testcase>
  <testcase name="TS09_IncomeBonusNoNaicVariableAssumed" time="0.001" classname="Illustrator.TestScenarios">
    <skipped/>
  </testcase>
  <testcase name="TS31_NoneMozaLevelAssumed" time="0.001" classname="Illustrator.TestScenarios">
    <skipped/>
  </testcase>
  <testcase name="TS23_IncomeBonusNaicLevelAssumed" time="0.0" classname="Illustrator.TestScenarios">
    <skipped/>
  </testcase>
  <testcase name="TS26_EDBNaicLevelAssumed" time="0.001" classname="Illustrator.TestScenarios">
    <skipped/>
  </testcase>
  <testcase name="TS30_EDBwBNaicVariableAssumed" time="0.0" classname="Illustrator.TestScenarios">
    <skipped/>
  </testcase>
  <testcase name="TS29_EDBwBNaicLevelAssumed" time="0.001" classname="Illustrator.TestScenarios">
    <skipped/>
  </testcase>
  <testcase name="TS12_EDBNoNaicVariableAssumed" time="0.001" classname="Illustrator.TestScenarios">
    <skipped/>
  </testcase>
  <testcase name="TS19_IncomeNaicStrongest" time="0.001" classname="Illustrator.TestScenarios">
    <skipped/>
  </testcase>
  <testcase name="TS07_IncomeBonusNoNaicStrongest" time="0.003" classname="Illustrator.TestScenarios">
    <skipped/>
  </testcase>
  <testcase name="TS32_IncomeMozaLevelAssumed" time="0.001" classname="Illustrator.TestScenarios">
    <skipped/>
  </testcase>
  <testcase name="TS14_EDBwBNoNaicLevelAssumed" time="0.0" classname="Illustrator.TestScenarios">
    <skipped/>
  </testcase>
  <testcase name="TS03_NoneNoNaicVariableAssumed" time="0.001" classname="Illustrator.TestScenarios">
    <skipped/>
  </testcase>
  <testcase name="TS24_IncomeBonusNaicVariableAssumed" time="0.0" classname="Illustrator.TestScenarios">
    <skipped/>
  </testcase>
  <testcase name="TS01_NoneNoNaicStrongest" time="0.0" classname="Illustrator.TestScenarios">
    <skipped/>
  </testcase>
  <testcase name="TS10_EDBNoNaicStrongest" time="0.001" classname="Illustrator.TestScenarios">
    <skipped/>
  </testcase>
  <testcase name="TS28_EDBwBNaicStrongest" time="0.001" classname="Illustrator.TestScenarios">
    <skipped/>
  </testcase>
  <testcase name="TS17_NoneNaicLevelAssumed" time="0.002" classname="Illustrator.TestScenarios">
    <skipped/>
  </testcase>
  <testcase name="TS21_IncomeNaicVariableAssumed" time="0.001" classname="Illustrator.TestScenarios">
    <skipped/>
  </testcase>
  <testcase name="TS02_NoneNoNaicLevelAssumed" time="0.0" classname="Illustrator.TestScenarios">
    <skipped/>
  </testcase>
  <testcase name="TS25_EDBNaicStrongest" time="0.0" classname="Illustrator.TestScenarios">
    <skipped/>
  </testcase>
  <testcase name="TS16_NoneNaicStrongest" time="0.001" classname="Illustrator.TestScenarios">
    <skipped/>
  </testcase>
  <testcase name="TS15_EDBwBNoNaicVariableAssumed" time="0.001" classname="Illustrator.TestScenarios">
    <skipped/>
  </testcase>
  <testcase name="TS04_IncomeNoNaicStrongest" time="0.0" classname="Illustrator.TestScenarios">
    <skipped/>
  </testcase>
  <testcase name="TS11_EDBNoNaicLevelAssumed" time="0.0" classname="Illustrator.TestScenarios">
    <skipped/>
  </testcase>
  <testcase name="TS22_IncomeBonusNaicStrongest" time="0.0" classname="Illustrator.TestScenarios">
    <skipped/>
  </testcase>
  <testcase name="TS05_IncomeNoNaicLevelAssumed" time="0.0" classname="Illustrator.TestScenarios">
    <skipped/>
  </testcase>
  <testcase name="TS20_IncomeNaicLevelAssumed" time="0.0" classname="Illustrator.TestScenarios">
    <skipped/>
  </testcase>
  <testcase name="TS08_IncomeBonusNoNaicLevelAssumed" time="0.001" classname="Illustrator.TestScenarios">
    <skipped/>
  </testcase>
  <testcase name="TS06_IncomeNoNaicVariableAssumed" time="0.0" classname="Illustrator.TestScenarios">
    <skipped/>
  </testcase>
  <testcase name="TS18_NoneNaicVariableAssumed" time="0.0" classname="Illustrator.TestScenarios">
    <skipped/>
  </testcase>
</testsuite>
