<?xml version="1.0" encoding="UTF-8"?>
<!-- Generated by org.testng.reporters.JUnitXMLReporter -->
<testsuite hostname="LopezVMobile" ignored="0" name="Default test" tests="50" failures="3" timestamp="27 Jun 2019 20:02:22 GMT" time="2065.469" errors="0">
  <testcase name="TS01_NoneNoNaicStrongest" time="43.767" classname="Illustrator.TestScenarios"/>
  <testcase name="TS02_NoneNoNaicLevelAssumed" time="34.553" classname="Illustrator.TestScenarios"/>
  <testcase name="TS03_NoneNoNaicVariableAssumed" time="35.549" classname="Illustrator.TestScenarios"/>
  <testcase name="TS04_NoneNoNaicLABackcasted" time="31.446" classname="Illustrator.TestScenarios"/>
  <testcase name="TS05_IncomeNoNaicStrongest" time="41.081" classname="Illustrator.TestScenarios"/>
  <testcase name="TS06_IncomeNoNaicLevelAssumed" time="42.702" classname="Illustrator.TestScenarios"/>
  <testcase name="TS07_IncomeNoNaicVariableAssumed" time="40.863" classname="Illustrator.TestScenarios"/>
  <testcase name="TS08_IncomeNoNaicLABackcasted" time="39.993" classname="Illustrator.TestScenarios"/>
  <testcase name="TS09_IncomeBonusNoNaicStrongest" time="4.14" classname="Illustrator.TestScenarios">
    <failure type="org.openqa.selenium.WebDriverException" message="unknown error: Element &amp;lt;input type=&amp;quot;button&amp;quot; value=&amp;quot;Next&amp;quot; ng-disabled=&amp;quot;!purchaseOver1M&amp;quot; ng-class=&amp;quot;{disabled : !purchaseOver1M}&amp;quot; ng-click=&amp;quot;ok(purchaseOver1M)&amp;quot; class=&amp;quot;btn btn-primary disabled&amp;quot; disabled=&amp;quot;disabled&amp;quot;&amp;gt; is not clickable at point (1024, 223). Other element would receive the click: &amp;lt;div class=&amp;quot;modal-footer ng-scope&amp;quot;&amp;gt;...&amp;lt;/div&amp;gt;
  (Session info: chrome=75.0.3770.100)
  (Driver info: chromedriver=2.40.565498 (ea082db3280dd6843ebfb08a625e3eb905c4f5ab),platform=Windows NT 10.0.17134 x86_64) (WARNING: The server did not provide any stacktrace information)
Command duration or timeout: 0 milliseconds
Build info: version: &amp;apos;3.141.59&amp;apos;, revision: &amp;apos;e82be7d358&amp;apos;, time: &amp;apos;2018-11-14T08:25:48&amp;apos;
System info: host: &amp;apos;LOPEZVMOBILE&amp;apos;, ip: &amp;apos;192.168.180.2&amp;apos;, os.name: &amp;apos;Windows 10&amp;apos;, os.arch: &amp;apos;amd64&amp;apos;, os.version: &amp;apos;10.0&amp;apos;, java.version: &amp;apos;1.8.0_211&amp;apos;
Driver info: org.openqa.selenium.chrome.ChromeDriver
Capabilities {acceptInsecureCerts: false, acceptSslCerts: false, applicationCacheEnabled: false, browserConnectionEnabled: false, browserName: chrome, chrome: {chromedriverVersion: 2.40.565498 (ea082db3280dd6..., userDataDir: C:\Users\vlopez\AppData\Loc...}, cssSelectorsEnabled: true, databaseEnabled: false, handlesAlerts: true, hasTouchScreen: false, javascriptEnabled: true, locationContextEnabled: true, mobileEmulationEnabled: false, nativeEvents: true, networkConnectionEnabled: false, pageLoadStrategy: normal, platform: XP, platformName: XP, rotatable: false, setWindowRect: true, takesHeapSnapshot: true, takesScreenshot: true, unexpectedAlertBehaviour: , unhandledPromptBehavior: , version: 75.0.3770.100, webStorageEnabled: true}
Session ID: 0159a299c458e980f0f99067e4869fb3">
      <![CDATA[org.openqa.selenium.WebDriverException: unknown error: Element <input type="button" value="Next" ng-disabled="!purchaseOver1M" ng-class="{disabled : !purchaseOver1M}" ng-click="ok(purchaseOver1M)" class="btn btn-primary disabled" disabled="disabled"> is not clickable at point (1024, 223). Other element would receive the click: <div class="modal-footer ng-scope">...</div>
  (Session info: chrome=75.0.3770.100)
  (Driver info: chromedriver=2.40.565498 (ea082db3280dd6843ebfb08a625e3eb905c4f5ab),platform=Windows NT 10.0.17134 x86_64) (WARNING: The server did not provide any stacktrace information)
Command duration or timeout: 0 milliseconds
Build info: version: '3.141.59', revision: 'e82be7d358', time: '2018-11-14T08:25:48'
System info: host: 'LOPEZVMOBILE', ip: '192.168.180.2', os.name: 'Windows 10', os.arch: 'amd64', os.version: '10.0', java.version: '1.8.0_211'
Driver info: org.openqa.selenium.chrome.ChromeDriver
Capabilities {acceptInsecureCerts: false, acceptSslCerts: false, applicationCacheEnabled: false, browserConnectionEnabled: false, browserName: chrome, chrome: {chromedriverVersion: 2.40.565498 (ea082db3280dd6..., userDataDir: C:\Users\vlopez\AppData\Loc...}, cssSelectorsEnabled: true, databaseEnabled: false, handlesAlerts: true, hasTouchScreen: false, javascriptEnabled: true, locationContextEnabled: true, mobileEmulationEnabled: false, nativeEvents: true, networkConnectionEnabled: false, pageLoadStrategy: normal, platform: XP, platformName: XP, rotatable: false, setWindowRect: true, takesHeapSnapshot: true, takesScreenshot: true, unexpectedAlertBehaviour: , unhandledPromptBehavior: , version: 75.0.3770.100, webStorageEnabled: true}
Session ID: 0159a299c458e980f0f99067e4869fb3
at sun.reflect.NativeConstructorAccessorImpl.newInstance0(Native Method)
at sun.reflect.NativeConstructorAccessorImpl.newInstance(Unknown Source)
at sun.reflect.DelegatingConstructorAccessorImpl.newInstance(Unknown Source)
at java.lang.reflect.Constructor.newInstance(Unknown Source)
at org.openqa.selenium.remote.ErrorHandler.createThrowable(ErrorHandler.java:214)
at org.openqa.selenium.remote.ErrorHandler.throwIfResponseFailed(ErrorHandler.java:166)
at org.openqa.selenium.remote.http.JsonHttpResponseCodec.reconstructValue(JsonHttpResponseCodec.java:40)
at org.openqa.selenium.remote.http.AbstractHttpResponseCodec.decode(AbstractHttpResponseCodec.java:80)
at org.openqa.selenium.remote.http.AbstractHttpResponseCodec.decode(AbstractHttpResponseCodec.java:44)
at org.openqa.selenium.remote.HttpCommandExecutor.execute(HttpCommandExecutor.java:158)
at org.openqa.selenium.remote.service.DriverCommandExecutor.execute(DriverCommandExecutor.java:83)
at org.openqa.selenium.remote.RemoteWebDriver.execute(RemoteWebDriver.java:552)
at org.openqa.selenium.remote.RemoteWebElement.execute(RemoteWebElement.java:285)
at org.openqa.selenium.remote.RemoteWebElement.click(RemoteWebElement.java:84)
at sun.reflect.GeneratedMethodAccessor2.invoke(Unknown Source)
at sun.reflect.DelegatingMethodAccessorImpl.invoke(Unknown Source)
at java.lang.reflect.Method.invoke(Unknown Source)
at org.openqa.selenium.support.pagefactory.internal.LocatingElementHandler.invoke(LocatingElementHandler.java:51)
at com.sun.proxy.$Proxy11.click(Unknown Source)
at Illustrator.Illustration.clickNextContinueAlertOver1m(Illustration.java:135)
at Illustrator.TestScenarios.TS09_IncomeBonusNoNaicStrongest(TestScenarios.java:608)
at sun.reflect.NativeMethodAccessorImpl.invoke0(Native Method)
at sun.reflect.NativeMethodAccessorImpl.invoke(Unknown Source)
at sun.reflect.DelegatingMethodAccessorImpl.invoke(Unknown Source)
at java.lang.reflect.Method.invoke(Unknown Source)
at org.testng.internal.MethodInvocationHelper.invokeMethod(MethodInvocationHelper.java:124)
at org.testng.internal.Invoker.invokeMethod(Invoker.java:583)
at org.testng.internal.Invoker.invokeTestMethod(Invoker.java:719)
at org.testng.internal.Invoker.invokeTestMethods(Invoker.java:989)
at org.testng.internal.TestMethodWorker.invokeTestMethods(TestMethodWorker.java:125)
at org.testng.internal.TestMethodWorker.run(TestMethodWorker.java:109)
at org.testng.TestRunner.privateRun(TestRunner.java:648)
at org.testng.TestRunner.run(TestRunner.java:505)
at org.testng.SuiteRunner.runTest(SuiteRunner.java:455)
at org.testng.SuiteRunner.runSequentially(SuiteRunner.java:450)
at org.testng.SuiteRunner.privateRun(SuiteRunner.java:415)
at org.testng.SuiteRunner.run(SuiteRunner.java:364)
at org.testng.SuiteRunnerWorker.runSuite(SuiteRunnerWorker.java:52)
at org.testng.SuiteRunnerWorker.run(SuiteRunnerWorker.java:84)
at org.testng.TestNG.runSuitesSequentially(TestNG.java:1208)
at org.testng.TestNG.runSuitesLocally(TestNG.java:1137)
at org.testng.TestNG.runSuites(TestNG.java:1049)
at org.testng.TestNG.run(TestNG.java:1017)
at org.testng.remote.AbstractRemoteTestNG.run(AbstractRemoteTestNG.java:115)
at org.testng.remote.RemoteTestNG.initAndRun(RemoteTestNG.java:251)
at org.testng.remote.RemoteTestNG.main(RemoteTestNG.java:77)
]]>
    </failure>
  </testcase> <!-- TS09_IncomeBonusNoNaicStrongest -->
  <testcase name="TS10_IncomeBonusNoNaicLevelAssumed" time="42.936" classname="Illustrator.TestScenarios"/>
  <testcase name="TS11_IncomeBonusNoNaicVariableAssumed" time="44.292" classname="Illustrator.TestScenarios"/>
  <testcase name="TS12_IncomeBonusNoNaicLABackcasted" time="44.055" classname="Illustrator.TestScenarios"/>
  <testcase name="TS13_EDBNoNaicStrongest" time="44.052" classname="Illustrator.TestScenarios"/>
  <testcase name="TS14_EDBNoNaicLevelAssumed" time="47.519" classname="Illustrator.TestScenarios"/>
  <testcase name="TS15_EDBNoNaicVariableAssumed" time="47.481" classname="Illustrator.TestScenarios"/>
  <testcase name="TS16_EDBNoNaicLABackcasted" time="47.722" classname="Illustrator.TestScenarios"/>
  <testcase name="TS17_EDBwBNoNaicStrongest" time="48.057" classname="Illustrator.TestScenarios"/>
  <testcase name="TS18_EDBwBNoNaicLevelAssumed" time="41.312" classname="Illustrator.TestScenarios"/>
  <testcase name="TS19_EDBwBNoNaicVariableAssumed" time="40.632" classname="Illustrator.TestScenarios"/>
  <testcase name="TS20_EDBwBNoNaicLABackcasted" time="40.914" classname="Illustrator.TestScenarios"/>
  <testcase name="TS21_NoneNaicStrongest" time="36.263" classname="Illustrator.TestScenarios"/>
  <testcase name="TS22_NoneNaicLevelAssumed" time="32.122" classname="Illustrator.TestScenarios"/>
  <testcase name="TS23_NoneNaicVariableAssumed" time="32.609" classname="Illustrator.TestScenarios"/>
  <testcase name="TS24_NoneNaicLABackcasted" time="33.534" classname="Illustrator.TestScenarios"/>
  <testcase name="TS25_IncomeNaicStrongest" time="5.596" classname="Illustrator.TestScenarios">
    <failure type="org.openqa.selenium.WebDriverException" message="unknown error: Element &amp;lt;input type=&amp;quot;button&amp;quot; value=&amp;quot;Next&amp;quot; ng-disabled=&amp;quot;!purchaseOver1M&amp;quot; ng-class=&amp;quot;{disabled : !purchaseOver1M}&amp;quot; ng-click=&amp;quot;ok(purchaseOver1M)&amp;quot; class=&amp;quot;btn btn-primary disabled&amp;quot; disabled=&amp;quot;disabled&amp;quot;&amp;gt; is not clickable at point (1024, 223). Other element would receive the click: &amp;lt;div class=&amp;quot;modal-footer ng-scope&amp;quot;&amp;gt;...&amp;lt;/div&amp;gt;
  (Session info: chrome=75.0.3770.100)
  (Driver info: chromedriver=2.40.565498 (ea082db3280dd6843ebfb08a625e3eb905c4f5ab),platform=Windows NT 10.0.17134 x86_64) (WARNING: The server did not provide any stacktrace information)
Command duration or timeout: 0 milliseconds
Build info: version: &amp;apos;3.141.59&amp;apos;, revision: &amp;apos;e82be7d358&amp;apos;, time: &amp;apos;2018-11-14T08:25:48&amp;apos;
System info: host: &amp;apos;LOPEZVMOBILE&amp;apos;, ip: &amp;apos;192.168.180.2&amp;apos;, os.name: &amp;apos;Windows 10&amp;apos;, os.arch: &amp;apos;amd64&amp;apos;, os.version: &amp;apos;10.0&amp;apos;, java.version: &amp;apos;1.8.0_211&amp;apos;
Driver info: org.openqa.selenium.chrome.ChromeDriver
Capabilities {acceptInsecureCerts: false, acceptSslCerts: false, applicationCacheEnabled: false, browserConnectionEnabled: false, browserName: chrome, chrome: {chromedriverVersion: 2.40.565498 (ea082db3280dd6..., userDataDir: C:\Users\vlopez\AppData\Loc...}, cssSelectorsEnabled: true, databaseEnabled: false, handlesAlerts: true, hasTouchScreen: false, javascriptEnabled: true, locationContextEnabled: true, mobileEmulationEnabled: false, nativeEvents: true, networkConnectionEnabled: false, pageLoadStrategy: normal, platform: XP, platformName: XP, rotatable: false, setWindowRect: true, takesHeapSnapshot: true, takesScreenshot: true, unexpectedAlertBehaviour: , unhandledPromptBehavior: , version: 75.0.3770.100, webStorageEnabled: true}
Session ID: 0159a299c458e980f0f99067e4869fb3">
      <![CDATA[org.openqa.selenium.WebDriverException: unknown error: Element <input type="button" value="Next" ng-disabled="!purchaseOver1M" ng-class="{disabled : !purchaseOver1M}" ng-click="ok(purchaseOver1M)" class="btn btn-primary disabled" disabled="disabled"> is not clickable at point (1024, 223). Other element would receive the click: <div class="modal-footer ng-scope">...</div>
  (Session info: chrome=75.0.3770.100)
  (Driver info: chromedriver=2.40.565498 (ea082db3280dd6843ebfb08a625e3eb905c4f5ab),platform=Windows NT 10.0.17134 x86_64) (WARNING: The server did not provide any stacktrace information)
Command duration or timeout: 0 milliseconds
Build info: version: '3.141.59', revision: 'e82be7d358', time: '2018-11-14T08:25:48'
System info: host: 'LOPEZVMOBILE', ip: '192.168.180.2', os.name: 'Windows 10', os.arch: 'amd64', os.version: '10.0', java.version: '1.8.0_211'
Driver info: org.openqa.selenium.chrome.ChromeDriver
Capabilities {acceptInsecureCerts: false, acceptSslCerts: false, applicationCacheEnabled: false, browserConnectionEnabled: false, browserName: chrome, chrome: {chromedriverVersion: 2.40.565498 (ea082db3280dd6..., userDataDir: C:\Users\vlopez\AppData\Loc...}, cssSelectorsEnabled: true, databaseEnabled: false, handlesAlerts: true, hasTouchScreen: false, javascriptEnabled: true, locationContextEnabled: true, mobileEmulationEnabled: false, nativeEvents: true, networkConnectionEnabled: false, pageLoadStrategy: normal, platform: XP, platformName: XP, rotatable: false, setWindowRect: true, takesHeapSnapshot: true, takesScreenshot: true, unexpectedAlertBehaviour: , unhandledPromptBehavior: , version: 75.0.3770.100, webStorageEnabled: true}
Session ID: 0159a299c458e980f0f99067e4869fb3
at sun.reflect.NativeConstructorAccessorImpl.newInstance0(Native Method)
at sun.reflect.NativeConstructorAccessorImpl.newInstance(Unknown Source)
at sun.reflect.DelegatingConstructorAccessorImpl.newInstance(Unknown Source)
at java.lang.reflect.Constructor.newInstance(Unknown Source)
at org.openqa.selenium.remote.ErrorHandler.createThrowable(ErrorHandler.java:214)
at org.openqa.selenium.remote.ErrorHandler.throwIfResponseFailed(ErrorHandler.java:166)
at org.openqa.selenium.remote.http.JsonHttpResponseCodec.reconstructValue(JsonHttpResponseCodec.java:40)
at org.openqa.selenium.remote.http.AbstractHttpResponseCodec.decode(AbstractHttpResponseCodec.java:80)
at org.openqa.selenium.remote.http.AbstractHttpResponseCodec.decode(AbstractHttpResponseCodec.java:44)
at org.openqa.selenium.remote.HttpCommandExecutor.execute(HttpCommandExecutor.java:158)
at org.openqa.selenium.remote.service.DriverCommandExecutor.execute(DriverCommandExecutor.java:83)
at org.openqa.selenium.remote.RemoteWebDriver.execute(RemoteWebDriver.java:552)
at org.openqa.selenium.remote.RemoteWebElement.execute(RemoteWebElement.java:285)
at org.openqa.selenium.remote.RemoteWebElement.click(RemoteWebElement.java:84)
at sun.reflect.GeneratedMethodAccessor2.invoke(Unknown Source)
at sun.reflect.DelegatingMethodAccessorImpl.invoke(Unknown Source)
at java.lang.reflect.Method.invoke(Unknown Source)
at org.openqa.selenium.support.pagefactory.internal.LocatingElementHandler.invoke(LocatingElementHandler.java:51)
at com.sun.proxy.$Proxy11.click(Unknown Source)
at Illustrator.Illustration.clickNextContinueAlertOver1m(Illustration.java:135)
at Illustrator.TestScenarios.TS25_IncomeNaicStrongest(TestScenarios.java:1626)
at sun.reflect.NativeMethodAccessorImpl.invoke0(Native Method)
at sun.reflect.NativeMethodAccessorImpl.invoke(Unknown Source)
at sun.reflect.DelegatingMethodAccessorImpl.invoke(Unknown Source)
at java.lang.reflect.Method.invoke(Unknown Source)
at org.testng.internal.MethodInvocationHelper.invokeMethod(MethodInvocationHelper.java:124)
at org.testng.internal.Invoker.invokeMethod(Invoker.java:583)
at org.testng.internal.Invoker.invokeTestMethod(Invoker.java:719)
at org.testng.internal.Invoker.invokeTestMethods(Invoker.java:989)
at org.testng.internal.TestMethodWorker.invokeTestMethods(TestMethodWorker.java:125)
at org.testng.internal.TestMethodWorker.run(TestMethodWorker.java:109)
at org.testng.TestRunner.privateRun(TestRunner.java:648)
at org.testng.TestRunner.run(TestRunner.java:505)
at org.testng.SuiteRunner.runTest(SuiteRunner.java:455)
at org.testng.SuiteRunner.runSequentially(SuiteRunner.java:450)
at org.testng.SuiteRunner.privateRun(SuiteRunner.java:415)
at org.testng.SuiteRunner.run(SuiteRunner.java:364)
at org.testng.SuiteRunnerWorker.runSuite(SuiteRunnerWorker.java:52)
at org.testng.SuiteRunnerWorker.run(SuiteRunnerWorker.java:84)
at org.testng.TestNG.runSuitesSequentially(TestNG.java:1208)
at org.testng.TestNG.runSuitesLocally(TestNG.java:1137)
at org.testng.TestNG.runSuites(TestNG.java:1049)
at org.testng.TestNG.run(TestNG.java:1017)
at org.testng.remote.AbstractRemoteTestNG.run(AbstractRemoteTestNG.java:115)
at org.testng.remote.RemoteTestNG.initAndRun(RemoteTestNG.java:251)
at org.testng.remote.RemoteTestNG.main(RemoteTestNG.java:77)
]]>
    </failure>
  </testcase> <!-- TS25_IncomeNaicStrongest -->
  <testcase name="TS26_IncomeNaicLevelAssumed" time="42.392" classname="Illustrator.TestScenarios"/>
  <testcase name="TS27_IncomeNaicVariableAssumed" time="40.813" classname="Illustrator.TestScenarios"/>
  <testcase name="TS28_IncomeNaicLABackcasted" time="40.847" classname="Illustrator.TestScenarios"/>
  <testcase name="TS29_IncomeBonusNaicStrongest" time="39.999" classname="Illustrator.TestScenarios"/>
  <testcase name="TS30_IncomeBonusNaicLevelAssumed" time="45.38" classname="Illustrator.TestScenarios"/>
  <testcase name="TS31_IncomeBonusNaicVariableAssumed" time="44.25" classname="Illustrator.TestScenarios"/>
  <testcase name="TS32_IncomeBonusNaicLABackcasted" time="45.826" classname="Illustrator.TestScenarios"/>
  <testcase name="TS33_EDBNaicStrongest" time="45.735" classname="Illustrator.TestScenarios"/>
  <testcase name="TS34_EDBNaicLevelAssumed" time="49.16" classname="Illustrator.TestScenarios"/>
  <testcase name="TS35_EDBNaicVariableAssumed" time="52.048" classname="Illustrator.TestScenarios"/>
  <testcase name="TS36_EDBNaicLABackcasted" time="50.384" classname="Illustrator.TestScenarios"/>
  <testcase name="TS37_EDBwBNaicStrongest" time="50.174" classname="Illustrator.TestScenarios"/>
  <testcase name="TS38_EDBwBNaicLevelAssumed" time="42.733" classname="Illustrator.TestScenarios"/>
  <testcase name="TS39_EDBwBNaicVariableAssumed" time="41.374" classname="Illustrator.TestScenarios"/>
  <testcase name="TS40_EDBwBNaicLABackcasted" time="41.943" classname="Illustrator.TestScenarios"/>
  <testcase name="TS46_NoneMozaicIILevelAssumed" time="39.584" classname="Illustrator.TestScenarios"/>
  <testcase name="TS47_IncomeMozaicIILevelAssumed" time="5.861" classname="Illustrator.TestScenarios">
    <failure type="org.openqa.selenium.WebDriverException" message="unknown error: Element &amp;lt;input type=&amp;quot;button&amp;quot; value=&amp;quot;Next&amp;quot; ng-disabled=&amp;quot;!purchaseOver1M&amp;quot; ng-class=&amp;quot;{disabled : !purchaseOver1M}&amp;quot; ng-click=&amp;quot;ok(purchaseOver1M)&amp;quot; class=&amp;quot;btn btn-primary disabled&amp;quot; disabled=&amp;quot;disabled&amp;quot;&amp;gt; is not clickable at point (1024, 220). Other element would receive the click: &amp;lt;div class=&amp;quot;modal-footer ng-scope&amp;quot;&amp;gt;...&amp;lt;/div&amp;gt;
  (Session info: chrome=75.0.3770.100)
  (Driver info: chromedriver=2.40.565498 (ea082db3280dd6843ebfb08a625e3eb905c4f5ab),platform=Windows NT 10.0.17134 x86_64) (WARNING: The server did not provide any stacktrace information)
Command duration or timeout: 0 milliseconds
Build info: version: &amp;apos;3.141.59&amp;apos;, revision: &amp;apos;e82be7d358&amp;apos;, time: &amp;apos;2018-11-14T08:25:48&amp;apos;
System info: host: &amp;apos;LOPEZVMOBILE&amp;apos;, ip: &amp;apos;192.168.180.2&amp;apos;, os.name: &amp;apos;Windows 10&amp;apos;, os.arch: &amp;apos;amd64&amp;apos;, os.version: &amp;apos;10.0&amp;apos;, java.version: &amp;apos;1.8.0_211&amp;apos;
Driver info: org.openqa.selenium.chrome.ChromeDriver
Capabilities {acceptInsecureCerts: false, acceptSslCerts: false, applicationCacheEnabled: false, browserConnectionEnabled: false, browserName: chrome, chrome: {chromedriverVersion: 2.40.565498 (ea082db3280dd6..., userDataDir: C:\Users\vlopez\AppData\Loc...}, cssSelectorsEnabled: true, databaseEnabled: false, handlesAlerts: true, hasTouchScreen: false, javascriptEnabled: true, locationContextEnabled: true, mobileEmulationEnabled: false, nativeEvents: true, networkConnectionEnabled: false, pageLoadStrategy: normal, platform: XP, platformName: XP, rotatable: false, setWindowRect: true, takesHeapSnapshot: true, takesScreenshot: true, unexpectedAlertBehaviour: , unhandledPromptBehavior: , version: 75.0.3770.100, webStorageEnabled: true}
Session ID: 0159a299c458e980f0f99067e4869fb3">
      <![CDATA[org.openqa.selenium.WebDriverException: unknown error: Element <input type="button" value="Next" ng-disabled="!purchaseOver1M" ng-class="{disabled : !purchaseOver1M}" ng-click="ok(purchaseOver1M)" class="btn btn-primary disabled" disabled="disabled"> is not clickable at point (1024, 220). Other element would receive the click: <div class="modal-footer ng-scope">...</div>
  (Session info: chrome=75.0.3770.100)
  (Driver info: chromedriver=2.40.565498 (ea082db3280dd6843ebfb08a625e3eb905c4f5ab),platform=Windows NT 10.0.17134 x86_64) (WARNING: The server did not provide any stacktrace information)
Command duration or timeout: 0 milliseconds
Build info: version: '3.141.59', revision: 'e82be7d358', time: '2018-11-14T08:25:48'
System info: host: 'LOPEZVMOBILE', ip: '192.168.180.2', os.name: 'Windows 10', os.arch: 'amd64', os.version: '10.0', java.version: '1.8.0_211'
Driver info: org.openqa.selenium.chrome.ChromeDriver
Capabilities {acceptInsecureCerts: false, acceptSslCerts: false, applicationCacheEnabled: false, browserConnectionEnabled: false, browserName: chrome, chrome: {chromedriverVersion: 2.40.565498 (ea082db3280dd6..., userDataDir: C:\Users\vlopez\AppData\Loc...}, cssSelectorsEnabled: true, databaseEnabled: false, handlesAlerts: true, hasTouchScreen: false, javascriptEnabled: true, locationContextEnabled: true, mobileEmulationEnabled: false, nativeEvents: true, networkConnectionEnabled: false, pageLoadStrategy: normal, platform: XP, platformName: XP, rotatable: false, setWindowRect: true, takesHeapSnapshot: true, takesScreenshot: true, unexpectedAlertBehaviour: , unhandledPromptBehavior: , version: 75.0.3770.100, webStorageEnabled: true}
Session ID: 0159a299c458e980f0f99067e4869fb3
at sun.reflect.NativeConstructorAccessorImpl.newInstance0(Native Method)
at sun.reflect.NativeConstructorAccessorImpl.newInstance(Unknown Source)
at sun.reflect.DelegatingConstructorAccessorImpl.newInstance(Unknown Source)
at java.lang.reflect.Constructor.newInstance(Unknown Source)
at org.openqa.selenium.remote.ErrorHandler.createThrowable(ErrorHandler.java:214)
at org.openqa.selenium.remote.ErrorHandler.throwIfResponseFailed(ErrorHandler.java:166)
at org.openqa.selenium.remote.http.JsonHttpResponseCodec.reconstructValue(JsonHttpResponseCodec.java:40)
at org.openqa.selenium.remote.http.AbstractHttpResponseCodec.decode(AbstractHttpResponseCodec.java:80)
at org.openqa.selenium.remote.http.AbstractHttpResponseCodec.decode(AbstractHttpResponseCodec.java:44)
at org.openqa.selenium.remote.HttpCommandExecutor.execute(HttpCommandExecutor.java:158)
at org.openqa.selenium.remote.service.DriverCommandExecutor.execute(DriverCommandExecutor.java:83)
at org.openqa.selenium.remote.RemoteWebDriver.execute(RemoteWebDriver.java:552)
at org.openqa.selenium.remote.RemoteWebElement.execute(RemoteWebElement.java:285)
at org.openqa.selenium.remote.RemoteWebElement.click(RemoteWebElement.java:84)
at sun.reflect.GeneratedMethodAccessor2.invoke(Unknown Source)
at sun.reflect.DelegatingMethodAccessorImpl.invoke(Unknown Source)
at java.lang.reflect.Method.invoke(Unknown Source)
at org.openqa.selenium.support.pagefactory.internal.LocatingElementHandler.invoke(LocatingElementHandler.java:51)
at com.sun.proxy.$Proxy11.click(Unknown Source)
at Illustrator.Illustration.clickNextContinueAlertOver1m(Illustration.java:135)
at Illustrator.TestScenarios.TS47_IncomeMozaicIILevelAssumed(TestScenarios.java:3083)
at sun.reflect.NativeMethodAccessorImpl.invoke0(Native Method)
at sun.reflect.NativeMethodAccessorImpl.invoke(Unknown Source)
at sun.reflect.DelegatingMethodAccessorImpl.invoke(Unknown Source)
at java.lang.reflect.Method.invoke(Unknown Source)
at org.testng.internal.MethodInvocationHelper.invokeMethod(MethodInvocationHelper.java:124)
at org.testng.internal.Invoker.invokeMethod(Invoker.java:583)
at org.testng.internal.Invoker.invokeTestMethod(Invoker.java:719)
at org.testng.internal.Invoker.invokeTestMethods(Invoker.java:989)
at org.testng.internal.TestMethodWorker.invokeTestMethods(TestMethodWorker.java:125)
at org.testng.internal.TestMethodWorker.run(TestMethodWorker.java:109)
at org.testng.TestRunner.privateRun(TestRunner.java:648)
at org.testng.TestRunner.run(TestRunner.java:505)
at org.testng.SuiteRunner.runTest(SuiteRunner.java:455)
at org.testng.SuiteRunner.runSequentially(SuiteRunner.java:450)
at org.testng.SuiteRunner.privateRun(SuiteRunner.java:415)
at org.testng.SuiteRunner.run(SuiteRunner.java:364)
at org.testng.SuiteRunnerWorker.runSuite(SuiteRunnerWorker.java:52)
at org.testng.SuiteRunnerWorker.run(SuiteRunnerWorker.java:84)
at org.testng.TestNG.runSuitesSequentially(TestNG.java:1208)
at org.testng.TestNG.runSuitesLocally(TestNG.java:1137)
at org.testng.TestNG.runSuites(TestNG.java:1049)
at org.testng.TestNG.run(TestNG.java:1017)
at org.testng.remote.AbstractRemoteTestNG.run(AbstractRemoteTestNG.java:115)
at org.testng.remote.RemoteTestNG.initAndRun(RemoteTestNG.java:251)
at org.testng.remote.RemoteTestNG.main(RemoteTestNG.java:77)
]]>
    </failure>
  </testcase> <!-- TS47_IncomeMozaicIILevelAssumed -->
  <testcase name="TS48_IncomeBonusMozaicIILevelAssumed" time="46.763" classname="Illustrator.TestScenarios"/>
  <testcase name="TS49_EDBMozaicIILevelAssumed" time="50.087" classname="Illustrator.TestScenarios"/>
  <testcase name="TS50_EDBwBMozaicIILevelAssumed" time="41.403" classname="Illustrator.TestScenarios"/>
  <testcase name="TS51_NoneZebraLevelAssumed" time="39.281" classname="Illustrator.TestScenarios"/>
  <testcase name="TS52_IncomeZebraLevelAssumed" time="40.316" classname="Illustrator.TestScenarios"/>
  <testcase name="TS53_IncomeBonusZebraLevelAssumed" time="48.991" classname="Illustrator.TestScenarios"/>
  <testcase name="TS54_EDBZebraLevelAssumed" time="50.075" classname="Illustrator.TestScenarios"/>
  <testcase name="TS55_EDBwBMozaLevelAssumed" time="42.451" classname="Illustrator.TestScenarios"/>
</testsuite> <!-- Default test -->
