<?xml version="1.0" encoding="UTF-8"?>
<testng-results skipped="0" failed="6" total="50" passed="44">
  <reporter-output>
  </reporter-output>
  <suite name="Default suite" duration-ms="2399682" started-at="2020-07-15T21:34:14Z" finished-at="2020-07-15T22:14:14Z">
    <groups>
      <group name="EDB">
        <method signature="TestScenarios.TS13_EDBNoNaicStrongest()[pri:0, instance:Illustrator.TestScenarios@5034c75a]" name="TS13_EDBNoNaicStrongest" class="Illustrator.TestScenarios"/>
        <method signature="TestScenarios.TS14_EDBNoNaicLevelAssumed()[pri:0, instance:Illustrator.TestScenarios@5034c75a]" name="TS14_EDBNoNaicLevelAssumed" class="Illustrator.TestScenarios"/>
        <method signature="TestScenarios.TS15_EDBNoNaicVariableAssumed()[pri:0, instance:Illustrator.TestScenarios@5034c75a]" name="TS15_EDBNoNaicVariableAssumed" class="Illustrator.TestScenarios"/>
        <method signature="TestScenarios.TS16_EDBNoNaicLABackcasted()[pri:0, instance:Illustrator.TestScenarios@5034c75a]" name="TS16_EDBNoNaicLABackcasted" class="Illustrator.TestScenarios"/>
        <method signature="TestScenarios.TS33_EDBNaicStrongest()[pri:0, instance:Illustrator.TestScenarios@5034c75a]" name="TS33_EDBNaicStrongest" class="Illustrator.TestScenarios"/>
        <method signature="TestScenarios.TS34_EDBNaicLevelAssumed()[pri:0, instance:Illustrator.TestScenarios@5034c75a]" name="TS34_EDBNaicLevelAssumed" class="Illustrator.TestScenarios"/>
        <method signature="TestScenarios.TS35_EDBNaicVariableAssumed()[pri:0, instance:Illustrator.TestScenarios@5034c75a]" name="TS35_EDBNaicVariableAssumed" class="Illustrator.TestScenarios"/>
        <method signature="TestScenarios.TS36_EDBNaicLABackcasted()[pri:0, instance:Illustrator.TestScenarios@5034c75a]" name="TS36_EDBNaicLABackcasted" class="Illustrator.TestScenarios"/>
        <method signature="TestScenarios.TS49_EDBMozaicIILevelAssumed()[pri:0, instance:Illustrator.TestScenarios@5034c75a]" name="TS49_EDBMozaicIILevelAssumed" class="Illustrator.TestScenarios"/>
        <method signature="TestScenarios.TS54_EDBZebraLevelAssumed()[pri:0, instance:Illustrator.TestScenarios@5034c75a]" name="TS54_EDBZebraLevelAssumed" class="Illustrator.TestScenarios"/>
      </group> <!-- EDB -->
      <group name="IncomeBonus">
        <method signature="TestScenarios.TS09_IncomeBonusNoNaicStrongest()[pri:0, instance:Illustrator.TestScenarios@5034c75a]" name="TS09_IncomeBonusNoNaicStrongest" class="Illustrator.TestScenarios"/>
        <method signature="TestScenarios.TS10_IncomeBonusNoNaicLevelAssumed()[pri:0, instance:Illustrator.TestScenarios@5034c75a]" name="TS10_IncomeBonusNoNaicLevelAssumed" class="Illustrator.TestScenarios"/>
        <method signature="TestScenarios.TS11_IncomeBonusNoNaicVariableAssumed()[pri:0, instance:Illustrator.TestScenarios@5034c75a]" name="TS11_IncomeBonusNoNaicVariableAssumed" class="Illustrator.TestScenarios"/>
        <method signature="TestScenarios.TS12_IncomeBonusNoNaicLABackcasted()[pri:0, instance:Illustrator.TestScenarios@5034c75a]" name="TS12_IncomeBonusNoNaicLABackcasted" class="Illustrator.TestScenarios"/>
        <method signature="TestScenarios.TS29_IncomeBonusNaicStrongest()[pri:0, instance:Illustrator.TestScenarios@5034c75a]" name="TS29_IncomeBonusNaicStrongest" class="Illustrator.TestScenarios"/>
        <method signature="TestScenarios.TS30_IncomeBonusNaicLevelAssumed()[pri:0, instance:Illustrator.TestScenarios@5034c75a]" name="TS30_IncomeBonusNaicLevelAssumed" class="Illustrator.TestScenarios"/>
        <method signature="TestScenarios.TS31_IncomeBonusNaicVariableAssumed()[pri:0, instance:Illustrator.TestScenarios@5034c75a]" name="TS31_IncomeBonusNaicVariableAssumed" class="Illustrator.TestScenarios"/>
        <method signature="TestScenarios.TS32_IncomeBonusNaicLABackcasted()[pri:0, instance:Illustrator.TestScenarios@5034c75a]" name="TS32_IncomeBonusNaicLABackcasted" class="Illustrator.TestScenarios"/>
        <method signature="TestScenarios.TS48_IncomeBonusMozaicIILevelAssumed()[pri:0, instance:Illustrator.TestScenarios@5034c75a]" name="TS48_IncomeBonusMozaicIILevelAssumed" class="Illustrator.TestScenarios"/>
        <method signature="TestScenarios.TS53_IncomeBonusZebraLevelAssumed()[pri:0, instance:Illustrator.TestScenarios@5034c75a]" name="TS53_IncomeBonusZebraLevelAssumed" class="Illustrator.TestScenarios"/>
      </group> <!-- IncomeBonus -->
      <group name="Zebra">
        <method signature="TestScenarios.TS51_NoneZebraLevelAssumed()[pri:0, instance:Illustrator.TestScenarios@5034c75a]" name="TS51_NoneZebraLevelAssumed" class="Illustrator.TestScenarios"/>
        <method signature="TestScenarios.TS52_IncomeZebraLevelAssumed()[pri:0, instance:Illustrator.TestScenarios@5034c75a]" name="TS52_IncomeZebraLevelAssumed" class="Illustrator.TestScenarios"/>
        <method signature="TestScenarios.TS53_IncomeBonusZebraLevelAssumed()[pri:0, instance:Illustrator.TestScenarios@5034c75a]" name="TS53_IncomeBonusZebraLevelAssumed" class="Illustrator.TestScenarios"/>
        <method signature="TestScenarios.TS54_EDBZebraLevelAssumed()[pri:0, instance:Illustrator.TestScenarios@5034c75a]" name="TS54_EDBZebraLevelAssumed" class="Illustrator.TestScenarios"/>
      </group> <!-- Zebra -->
      <group name="MozaicII">
        <method signature="TestScenarios.TS46_NoneMozaicIILevelAssumed()[pri:0, instance:Illustrator.TestScenarios@5034c75a]" name="TS46_NoneMozaicIILevelAssumed" class="Illustrator.TestScenarios"/>
        <method signature="TestScenarios.TS47_IncomeMozaicIILevelAssumed()[pri:0, instance:Illustrator.TestScenarios@5034c75a]" name="TS47_IncomeMozaicIILevelAssumed" class="Illustrator.TestScenarios"/>
        <method signature="TestScenarios.TS48_IncomeBonusMozaicIILevelAssumed()[pri:0, instance:Illustrator.TestScenarios@5034c75a]" name="TS48_IncomeBonusMozaicIILevelAssumed" class="Illustrator.TestScenarios"/>
        <method signature="TestScenarios.TS49_EDBMozaicIILevelAssumed()[pri:0, instance:Illustrator.TestScenarios@5034c75a]" name="TS49_EDBMozaicIILevelAssumed" class="Illustrator.TestScenarios"/>
        <method signature="TestScenarios.TS50_EDBwBMozaicIILevelAssumed()[pri:0, instance:Illustrator.TestScenarios@5034c75a]" name="TS50_EDBwBMozaicIILevelAssumed" class="Illustrator.TestScenarios"/>
      </group> <!-- MozaicII -->
      <group name="Income">
        <method signature="TestScenarios.TS05_IncomeNoNaicStrongest()[pri:0, instance:Illustrator.TestScenarios@5034c75a]" name="TS05_IncomeNoNaicStrongest" class="Illustrator.TestScenarios"/>
        <method signature="TestScenarios.TS06_IncomeNoNaicLevelAssumed()[pri:0, instance:Illustrator.TestScenarios@5034c75a]" name="TS06_IncomeNoNaicLevelAssumed" class="Illustrator.TestScenarios"/>
        <method signature="TestScenarios.TS07_IncomeNoNaicVariableAssumed()[pri:0, instance:Illustrator.TestScenarios@5034c75a]" name="TS07_IncomeNoNaicVariableAssumed" class="Illustrator.TestScenarios"/>
        <method signature="TestScenarios.TS08_IncomeNoNaicLABackcasted()[pri:0, instance:Illustrator.TestScenarios@5034c75a]" name="TS08_IncomeNoNaicLABackcasted" class="Illustrator.TestScenarios"/>
        <method signature="TestScenarios.TS25_IncomeNaicStrongest()[pri:0, instance:Illustrator.TestScenarios@5034c75a]" name="TS25_IncomeNaicStrongest" class="Illustrator.TestScenarios"/>
        <method signature="TestScenarios.TS26_IncomeNaicLevelAssumed()[pri:0, instance:Illustrator.TestScenarios@5034c75a]" name="TS26_IncomeNaicLevelAssumed" class="Illustrator.TestScenarios"/>
        <method signature="TestScenarios.TS27_IncomeNaicVariableAssumed()[pri:0, instance:Illustrator.TestScenarios@5034c75a]" name="TS27_IncomeNaicVariableAssumed" class="Illustrator.TestScenarios"/>
        <method signature="TestScenarios.TS28_IncomeNaicLABackcasted()[pri:0, instance:Illustrator.TestScenarios@5034c75a]" name="TS28_IncomeNaicLABackcasted" class="Illustrator.TestScenarios"/>
        <method signature="TestScenarios.TS47_IncomeMozaicIILevelAssumed()[pri:0, instance:Illustrator.TestScenarios@5034c75a]" name="TS47_IncomeMozaicIILevelAssumed" class="Illustrator.TestScenarios"/>
        <method signature="TestScenarios.TS52_IncomeZebraLevelAssumed()[pri:0, instance:Illustrator.TestScenarios@5034c75a]" name="TS52_IncomeZebraLevelAssumed" class="Illustrator.TestScenarios"/>
      </group> <!-- Income -->
      <group name="Strongest">
        <method signature="TestScenarios.TS01_NoneNoNaicStrongest()[pri:0, instance:Illustrator.TestScenarios@5034c75a]" name="TS01_NoneNoNaicStrongest" class="Illustrator.TestScenarios"/>
        <method signature="TestScenarios.TS05_IncomeNoNaicStrongest()[pri:0, instance:Illustrator.TestScenarios@5034c75a]" name="TS05_IncomeNoNaicStrongest" class="Illustrator.TestScenarios"/>
        <method signature="TestScenarios.TS09_IncomeBonusNoNaicStrongest()[pri:0, instance:Illustrator.TestScenarios@5034c75a]" name="TS09_IncomeBonusNoNaicStrongest" class="Illustrator.TestScenarios"/>
        <method signature="TestScenarios.TS13_EDBNoNaicStrongest()[pri:0, instance:Illustrator.TestScenarios@5034c75a]" name="TS13_EDBNoNaicStrongest" class="Illustrator.TestScenarios"/>
        <method signature="TestScenarios.TS17_EDBwBNoNaicStrongest()[pri:0, instance:Illustrator.TestScenarios@5034c75a]" name="TS17_EDBwBNoNaicStrongest" class="Illustrator.TestScenarios"/>
        <method signature="TestScenarios.TS21_NoneNaicStrongest()[pri:0, instance:Illustrator.TestScenarios@5034c75a]" name="TS21_NoneNaicStrongest" class="Illustrator.TestScenarios"/>
        <method signature="TestScenarios.TS25_IncomeNaicStrongest()[pri:0, instance:Illustrator.TestScenarios@5034c75a]" name="TS25_IncomeNaicStrongest" class="Illustrator.TestScenarios"/>
        <method signature="TestScenarios.TS29_IncomeBonusNaicStrongest()[pri:0, instance:Illustrator.TestScenarios@5034c75a]" name="TS29_IncomeBonusNaicStrongest" class="Illustrator.TestScenarios"/>
        <method signature="TestScenarios.TS33_EDBNaicStrongest()[pri:0, instance:Illustrator.TestScenarios@5034c75a]" name="TS33_EDBNaicStrongest" class="Illustrator.TestScenarios"/>
        <method signature="TestScenarios.TS37_EDBwBNaicStrongest()[pri:0, instance:Illustrator.TestScenarios@5034c75a]" name="TS37_EDBwBNaicStrongest" class="Illustrator.TestScenarios"/>
      </group> <!-- Strongest -->
      <group name="Naic">
        <method signature="TestScenarios.TS21_NoneNaicStrongest()[pri:0, instance:Illustrator.TestScenarios@5034c75a]" name="TS21_NoneNaicStrongest" class="Illustrator.TestScenarios"/>
        <method signature="TestScenarios.TS22_NoneNaicLevelAssumed()[pri:0, instance:Illustrator.TestScenarios@5034c75a]" name="TS22_NoneNaicLevelAssumed" class="Illustrator.TestScenarios"/>
        <method signature="TestScenarios.TS23_NoneNaicVariableAssumed()[pri:0, instance:Illustrator.TestScenarios@5034c75a]" name="TS23_NoneNaicVariableAssumed" class="Illustrator.TestScenarios"/>
        <method signature="TestScenarios.TS24_NoneNaicLABackcasted()[pri:0, instance:Illustrator.TestScenarios@5034c75a]" name="TS24_NoneNaicLABackcasted" class="Illustrator.TestScenarios"/>
        <method signature="TestScenarios.TS25_IncomeNaicStrongest()[pri:0, instance:Illustrator.TestScenarios@5034c75a]" name="TS25_IncomeNaicStrongest" class="Illustrator.TestScenarios"/>
        <method signature="TestScenarios.TS26_IncomeNaicLevelAssumed()[pri:0, instance:Illustrator.TestScenarios@5034c75a]" name="TS26_IncomeNaicLevelAssumed" class="Illustrator.TestScenarios"/>
        <method signature="TestScenarios.TS27_IncomeNaicVariableAssumed()[pri:0, instance:Illustrator.TestScenarios@5034c75a]" name="TS27_IncomeNaicVariableAssumed" class="Illustrator.TestScenarios"/>
        <method signature="TestScenarios.TS28_IncomeNaicLABackcasted()[pri:0, instance:Illustrator.TestScenarios@5034c75a]" name="TS28_IncomeNaicLABackcasted" class="Illustrator.TestScenarios"/>
        <method signature="TestScenarios.TS29_IncomeBonusNaicStrongest()[pri:0, instance:Illustrator.TestScenarios@5034c75a]" name="TS29_IncomeBonusNaicStrongest" class="Illustrator.TestScenarios"/>
        <method signature="TestScenarios.TS30_IncomeBonusNaicLevelAssumed()[pri:0, instance:Illustrator.TestScenarios@5034c75a]" name="TS30_IncomeBonusNaicLevelAssumed" class="Illustrator.TestScenarios"/>
        <method signature="TestScenarios.TS31_IncomeBonusNaicVariableAssumed()[pri:0, instance:Illustrator.TestScenarios@5034c75a]" name="TS31_IncomeBonusNaicVariableAssumed" class="Illustrator.TestScenarios"/>
        <method signature="TestScenarios.TS32_IncomeBonusNaicLABackcasted()[pri:0, instance:Illustrator.TestScenarios@5034c75a]" name="TS32_IncomeBonusNaicLABackcasted" class="Illustrator.TestScenarios"/>
        <method signature="TestScenarios.TS33_EDBNaicStrongest()[pri:0, instance:Illustrator.TestScenarios@5034c75a]" name="TS33_EDBNaicStrongest" class="Illustrator.TestScenarios"/>
        <method signature="TestScenarios.TS34_EDBNaicLevelAssumed()[pri:0, instance:Illustrator.TestScenarios@5034c75a]" name="TS34_EDBNaicLevelAssumed" class="Illustrator.TestScenarios"/>
        <method signature="TestScenarios.TS35_EDBNaicVariableAssumed()[pri:0, instance:Illustrator.TestScenarios@5034c75a]" name="TS35_EDBNaicVariableAssumed" class="Illustrator.TestScenarios"/>
        <method signature="TestScenarios.TS36_EDBNaicLABackcasted()[pri:0, instance:Illustrator.TestScenarios@5034c75a]" name="TS36_EDBNaicLABackcasted" class="Illustrator.TestScenarios"/>
        <method signature="TestScenarios.TS37_EDBwBNaicStrongest()[pri:0, instance:Illustrator.TestScenarios@5034c75a]" name="TS37_EDBwBNaicStrongest" class="Illustrator.TestScenarios"/>
        <method signature="TestScenarios.TS38_EDBwBNaicLevelAssumed()[pri:0, instance:Illustrator.TestScenarios@5034c75a]" name="TS38_EDBwBNaicLevelAssumed" class="Illustrator.TestScenarios"/>
        <method signature="TestScenarios.TS39_EDBwBNaicVariableAssumed()[pri:0, instance:Illustrator.TestScenarios@5034c75a]" name="TS39_EDBwBNaicVariableAssumed" class="Illustrator.TestScenarios"/>
        <method signature="TestScenarios.TS40_EDBwBNaicLABackcasted()[pri:0, instance:Illustrator.TestScenarios@5034c75a]" name="TS40_EDBwBNaicLABackcasted" class="Illustrator.TestScenarios"/>
      </group> <!-- Naic -->
      <group name="LABackcasted">
        <method signature="TestScenarios.TS04_NoneNoNaicLABackcasted()[pri:0, instance:Illustrator.TestScenarios@5034c75a]" name="TS04_NoneNoNaicLABackcasted" class="Illustrator.TestScenarios"/>
        <method signature="TestScenarios.TS08_IncomeNoNaicLABackcasted()[pri:0, instance:Illustrator.TestScenarios@5034c75a]" name="TS08_IncomeNoNaicLABackcasted" class="Illustrator.TestScenarios"/>
        <method signature="TestScenarios.TS12_IncomeBonusNoNaicLABackcasted()[pri:0, instance:Illustrator.TestScenarios@5034c75a]" name="TS12_IncomeBonusNoNaicLABackcasted" class="Illustrator.TestScenarios"/>
        <method signature="TestScenarios.TS16_EDBNoNaicLABackcasted()[pri:0, instance:Illustrator.TestScenarios@5034c75a]" name="TS16_EDBNoNaicLABackcasted" class="Illustrator.TestScenarios"/>
        <method signature="TestScenarios.TS20_EDBwBNoNaicLABackcasted()[pri:0, instance:Illustrator.TestScenarios@5034c75a]" name="TS20_EDBwBNoNaicLABackcasted" class="Illustrator.TestScenarios"/>
        <method signature="TestScenarios.TS24_NoneNaicLABackcasted()[pri:0, instance:Illustrator.TestScenarios@5034c75a]" name="TS24_NoneNaicLABackcasted" class="Illustrator.TestScenarios"/>
        <method signature="TestScenarios.TS28_IncomeNaicLABackcasted()[pri:0, instance:Illustrator.TestScenarios@5034c75a]" name="TS28_IncomeNaicLABackcasted" class="Illustrator.TestScenarios"/>
        <method signature="TestScenarios.TS32_IncomeBonusNaicLABackcasted()[pri:0, instance:Illustrator.TestScenarios@5034c75a]" name="TS32_IncomeBonusNaicLABackcasted" class="Illustrator.TestScenarios"/>
        <method signature="TestScenarios.TS36_EDBNaicLABackcasted()[pri:0, instance:Illustrator.TestScenarios@5034c75a]" name="TS36_EDBNaicLABackcasted" class="Illustrator.TestScenarios"/>
        <method signature="TestScenarios.TS40_EDBwBNaicLABackcasted()[pri:0, instance:Illustrator.TestScenarios@5034c75a]" name="TS40_EDBwBNaicLABackcasted" class="Illustrator.TestScenarios"/>
      </group> <!-- LABackcasted -->
      <group name="Moza">
        <method signature="TestScenarios.TS55_EDBwBMozaLevelAssumed()[pri:0, instance:Illustrator.TestScenarios@5034c75a]" name="TS55_EDBwBMozaLevelAssumed" class="Illustrator.TestScenarios"/>
      </group> <!-- Moza -->
      <group name="VariableAssumed">
        <method signature="TestScenarios.TS03_NoneNoNaicVariableAssumed()[pri:0, instance:Illustrator.TestScenarios@5034c75a]" name="TS03_NoneNoNaicVariableAssumed" class="Illustrator.TestScenarios"/>
        <method signature="TestScenarios.TS07_IncomeNoNaicVariableAssumed()[pri:0, instance:Illustrator.TestScenarios@5034c75a]" name="TS07_IncomeNoNaicVariableAssumed" class="Illustrator.TestScenarios"/>
        <method signature="TestScenarios.TS11_IncomeBonusNoNaicVariableAssumed()[pri:0, instance:Illustrator.TestScenarios@5034c75a]" name="TS11_IncomeBonusNoNaicVariableAssumed" class="Illustrator.TestScenarios"/>
        <method signature="TestScenarios.TS15_EDBNoNaicVariableAssumed()[pri:0, instance:Illustrator.TestScenarios@5034c75a]" name="TS15_EDBNoNaicVariableAssumed" class="Illustrator.TestScenarios"/>
        <method signature="TestScenarios.TS19_EDBwBNoNaicVariableAssumed()[pri:0, instance:Illustrator.TestScenarios@5034c75a]" name="TS19_EDBwBNoNaicVariableAssumed" class="Illustrator.TestScenarios"/>
        <method signature="TestScenarios.TS23_NoneNaicVariableAssumed()[pri:0, instance:Illustrator.TestScenarios@5034c75a]" name="TS23_NoneNaicVariableAssumed" class="Illustrator.TestScenarios"/>
        <method signature="TestScenarios.TS27_IncomeNaicVariableAssumed()[pri:0, instance:Illustrator.TestScenarios@5034c75a]" name="TS27_IncomeNaicVariableAssumed" class="Illustrator.TestScenarios"/>
        <method signature="TestScenarios.TS31_IncomeBonusNaicVariableAssumed()[pri:0, instance:Illustrator.TestScenarios@5034c75a]" name="TS31_IncomeBonusNaicVariableAssumed" class="Illustrator.TestScenarios"/>
        <method signature="TestScenarios.TS35_EDBNaicVariableAssumed()[pri:0, instance:Illustrator.TestScenarios@5034c75a]" name="TS35_EDBNaicVariableAssumed" class="Illustrator.TestScenarios"/>
        <method signature="TestScenarios.TS39_EDBwBNaicVariableAssumed()[pri:0, instance:Illustrator.TestScenarios@5034c75a]" name="TS39_EDBwBNaicVariableAssumed" class="Illustrator.TestScenarios"/>
      </group> <!-- VariableAssumed -->
      <group name="EDBBonus">
        <method signature="TestScenarios.TS17_EDBwBNoNaicStrongest()[pri:0, instance:Illustrator.TestScenarios@5034c75a]" name="TS17_EDBwBNoNaicStrongest" class="Illustrator.TestScenarios"/>
        <method signature="TestScenarios.TS18_EDBwBNoNaicLevelAssumed()[pri:0, instance:Illustrator.TestScenarios@5034c75a]" name="TS18_EDBwBNoNaicLevelAssumed" class="Illustrator.TestScenarios"/>
        <method signature="TestScenarios.TS19_EDBwBNoNaicVariableAssumed()[pri:0, instance:Illustrator.TestScenarios@5034c75a]" name="TS19_EDBwBNoNaicVariableAssumed" class="Illustrator.TestScenarios"/>
        <method signature="TestScenarios.TS20_EDBwBNoNaicLABackcasted()[pri:0, instance:Illustrator.TestScenarios@5034c75a]" name="TS20_EDBwBNoNaicLABackcasted" class="Illustrator.TestScenarios"/>
        <method signature="TestScenarios.TS37_EDBwBNaicStrongest()[pri:0, instance:Illustrator.TestScenarios@5034c75a]" name="TS37_EDBwBNaicStrongest" class="Illustrator.TestScenarios"/>
        <method signature="TestScenarios.TS38_EDBwBNaicLevelAssumed()[pri:0, instance:Illustrator.TestScenarios@5034c75a]" name="TS38_EDBwBNaicLevelAssumed" class="Illustrator.TestScenarios"/>
        <method signature="TestScenarios.TS39_EDBwBNaicVariableAssumed()[pri:0, instance:Illustrator.TestScenarios@5034c75a]" name="TS39_EDBwBNaicVariableAssumed" class="Illustrator.TestScenarios"/>
        <method signature="TestScenarios.TS40_EDBwBNaicLABackcasted()[pri:0, instance:Illustrator.TestScenarios@5034c75a]" name="TS40_EDBwBNaicLABackcasted" class="Illustrator.TestScenarios"/>
        <method signature="TestScenarios.TS50_EDBwBMozaicIILevelAssumed()[pri:0, instance:Illustrator.TestScenarios@5034c75a]" name="TS50_EDBwBMozaicIILevelAssumed" class="Illustrator.TestScenarios"/>
        <method signature="TestScenarios.TS55_EDBwBMozaLevelAssumed()[pri:0, instance:Illustrator.TestScenarios@5034c75a]" name="TS55_EDBwBMozaLevelAssumed" class="Illustrator.TestScenarios"/>
      </group> <!-- EDBBonus -->
      <group name="NoNaic">
        <method signature="TestScenarios.TS01_NoneNoNaicStrongest()[pri:0, instance:Illustrator.TestScenarios@5034c75a]" name="TS01_NoneNoNaicStrongest" class="Illustrator.TestScenarios"/>
        <method signature="TestScenarios.TS02_NoneNoNaicLevelAssumed()[pri:0, instance:Illustrator.TestScenarios@5034c75a]" name="TS02_NoneNoNaicLevelAssumed" class="Illustrator.TestScenarios"/>
        <method signature="TestScenarios.TS03_NoneNoNaicVariableAssumed()[pri:0, instance:Illustrator.TestScenarios@5034c75a]" name="TS03_NoneNoNaicVariableAssumed" class="Illustrator.TestScenarios"/>
        <method signature="TestScenarios.TS04_NoneNoNaicLABackcasted()[pri:0, instance:Illustrator.TestScenarios@5034c75a]" name="TS04_NoneNoNaicLABackcasted" class="Illustrator.TestScenarios"/>
        <method signature="TestScenarios.TS05_IncomeNoNaicStrongest()[pri:0, instance:Illustrator.TestScenarios@5034c75a]" name="TS05_IncomeNoNaicStrongest" class="Illustrator.TestScenarios"/>
        <method signature="TestScenarios.TS06_IncomeNoNaicLevelAssumed()[pri:0, instance:Illustrator.TestScenarios@5034c75a]" name="TS06_IncomeNoNaicLevelAssumed" class="Illustrator.TestScenarios"/>
        <method signature="TestScenarios.TS07_IncomeNoNaicVariableAssumed()[pri:0, instance:Illustrator.TestScenarios@5034c75a]" name="TS07_IncomeNoNaicVariableAssumed" class="Illustrator.TestScenarios"/>
        <method signature="TestScenarios.TS08_IncomeNoNaicLABackcasted()[pri:0, instance:Illustrator.TestScenarios@5034c75a]" name="TS08_IncomeNoNaicLABackcasted" class="Illustrator.TestScenarios"/>
        <method signature="TestScenarios.TS09_IncomeBonusNoNaicStrongest()[pri:0, instance:Illustrator.TestScenarios@5034c75a]" name="TS09_IncomeBonusNoNaicStrongest" class="Illustrator.TestScenarios"/>
        <method signature="TestScenarios.TS10_IncomeBonusNoNaicLevelAssumed()[pri:0, instance:Illustrator.TestScenarios@5034c75a]" name="TS10_IncomeBonusNoNaicLevelAssumed" class="Illustrator.TestScenarios"/>
        <method signature="TestScenarios.TS11_IncomeBonusNoNaicVariableAssumed()[pri:0, instance:Illustrator.TestScenarios@5034c75a]" name="TS11_IncomeBonusNoNaicVariableAssumed" class="Illustrator.TestScenarios"/>
        <method signature="TestScenarios.TS12_IncomeBonusNoNaicLABackcasted()[pri:0, instance:Illustrator.TestScenarios@5034c75a]" name="TS12_IncomeBonusNoNaicLABackcasted" class="Illustrator.TestScenarios"/>
        <method signature="TestScenarios.TS13_EDBNoNaicStrongest()[pri:0, instance:Illustrator.TestScenarios@5034c75a]" name="TS13_EDBNoNaicStrongest" class="Illustrator.TestScenarios"/>
        <method signature="TestScenarios.TS14_EDBNoNaicLevelAssumed()[pri:0, instance:Illustrator.TestScenarios@5034c75a]" name="TS14_EDBNoNaicLevelAssumed" class="Illustrator.TestScenarios"/>
        <method signature="TestScenarios.TS15_EDBNoNaicVariableAssumed()[pri:0, instance:Illustrator.TestScenarios@5034c75a]" name="TS15_EDBNoNaicVariableAssumed" class="Illustrator.TestScenarios"/>
        <method signature="TestScenarios.TS16_EDBNoNaicLABackcasted()[pri:0, instance:Illustrator.TestScenarios@5034c75a]" name="TS16_EDBNoNaicLABackcasted" class="Illustrator.TestScenarios"/>
        <method signature="TestScenarios.TS17_EDBwBNoNaicStrongest()[pri:0, instance:Illustrator.TestScenarios@5034c75a]" name="TS17_EDBwBNoNaicStrongest" class="Illustrator.TestScenarios"/>
        <method signature="TestScenarios.TS18_EDBwBNoNaicLevelAssumed()[pri:0, instance:Illustrator.TestScenarios@5034c75a]" name="TS18_EDBwBNoNaicLevelAssumed" class="Illustrator.TestScenarios"/>
        <method signature="TestScenarios.TS19_EDBwBNoNaicVariableAssumed()[pri:0, instance:Illustrator.TestScenarios@5034c75a]" name="TS19_EDBwBNoNaicVariableAssumed" class="Illustrator.TestScenarios"/>
        <method signature="TestScenarios.TS20_EDBwBNoNaicLABackcasted()[pri:0, instance:Illustrator.TestScenarios@5034c75a]" name="TS20_EDBwBNoNaicLABackcasted" class="Illustrator.TestScenarios"/>
      </group> <!-- NoNaic -->
      <group name="LevelAssumed">
        <method signature="TestScenarios.TS02_NoneNoNaicLevelAssumed()[pri:0, instance:Illustrator.TestScenarios@5034c75a]" name="TS02_NoneNoNaicLevelAssumed" class="Illustrator.TestScenarios"/>
        <method signature="TestScenarios.TS06_IncomeNoNaicLevelAssumed()[pri:0, instance:Illustrator.TestScenarios@5034c75a]" name="TS06_IncomeNoNaicLevelAssumed" class="Illustrator.TestScenarios"/>
        <method signature="TestScenarios.TS10_IncomeBonusNoNaicLevelAssumed()[pri:0, instance:Illustrator.TestScenarios@5034c75a]" name="TS10_IncomeBonusNoNaicLevelAssumed" class="Illustrator.TestScenarios"/>
        <method signature="TestScenarios.TS14_EDBNoNaicLevelAssumed()[pri:0, instance:Illustrator.TestScenarios@5034c75a]" name="TS14_EDBNoNaicLevelAssumed" class="Illustrator.TestScenarios"/>
        <method signature="TestScenarios.TS18_EDBwBNoNaicLevelAssumed()[pri:0, instance:Illustrator.TestScenarios@5034c75a]" name="TS18_EDBwBNoNaicLevelAssumed" class="Illustrator.TestScenarios"/>
        <method signature="TestScenarios.TS22_NoneNaicLevelAssumed()[pri:0, instance:Illustrator.TestScenarios@5034c75a]" name="TS22_NoneNaicLevelAssumed" class="Illustrator.TestScenarios"/>
        <method signature="TestScenarios.TS26_IncomeNaicLevelAssumed()[pri:0, instance:Illustrator.TestScenarios@5034c75a]" name="TS26_IncomeNaicLevelAssumed" class="Illustrator.TestScenarios"/>
        <method signature="TestScenarios.TS30_IncomeBonusNaicLevelAssumed()[pri:0, instance:Illustrator.TestScenarios@5034c75a]" name="TS30_IncomeBonusNaicLevelAssumed" class="Illustrator.TestScenarios"/>
        <method signature="TestScenarios.TS34_EDBNaicLevelAssumed()[pri:0, instance:Illustrator.TestScenarios@5034c75a]" name="TS34_EDBNaicLevelAssumed" class="Illustrator.TestScenarios"/>
        <method signature="TestScenarios.TS38_EDBwBNaicLevelAssumed()[pri:0, instance:Illustrator.TestScenarios@5034c75a]" name="TS38_EDBwBNaicLevelAssumed" class="Illustrator.TestScenarios"/>
        <method signature="TestScenarios.TS46_NoneMozaicIILevelAssumed()[pri:0, instance:Illustrator.TestScenarios@5034c75a]" name="TS46_NoneMozaicIILevelAssumed" class="Illustrator.TestScenarios"/>
        <method signature="TestScenarios.TS47_IncomeMozaicIILevelAssumed()[pri:0, instance:Illustrator.TestScenarios@5034c75a]" name="TS47_IncomeMozaicIILevelAssumed" class="Illustrator.TestScenarios"/>
        <method signature="TestScenarios.TS48_IncomeBonusMozaicIILevelAssumed()[pri:0, instance:Illustrator.TestScenarios@5034c75a]" name="TS48_IncomeBonusMozaicIILevelAssumed" class="Illustrator.TestScenarios"/>
        <method signature="TestScenarios.TS49_EDBMozaicIILevelAssumed()[pri:0, instance:Illustrator.TestScenarios@5034c75a]" name="TS49_EDBMozaicIILevelAssumed" class="Illustrator.TestScenarios"/>
        <method signature="TestScenarios.TS50_EDBwBMozaicIILevelAssumed()[pri:0, instance:Illustrator.TestScenarios@5034c75a]" name="TS50_EDBwBMozaicIILevelAssumed" class="Illustrator.TestScenarios"/>
        <method signature="TestScenarios.TS51_NoneZebraLevelAssumed()[pri:0, instance:Illustrator.TestScenarios@5034c75a]" name="TS51_NoneZebraLevelAssumed" class="Illustrator.TestScenarios"/>
        <method signature="TestScenarios.TS52_IncomeZebraLevelAssumed()[pri:0, instance:Illustrator.TestScenarios@5034c75a]" name="TS52_IncomeZebraLevelAssumed" class="Illustrator.TestScenarios"/>
        <method signature="TestScenarios.TS53_IncomeBonusZebraLevelAssumed()[pri:0, instance:Illustrator.TestScenarios@5034c75a]" name="TS53_IncomeBonusZebraLevelAssumed" class="Illustrator.TestScenarios"/>
        <method signature="TestScenarios.TS54_EDBZebraLevelAssumed()[pri:0, instance:Illustrator.TestScenarios@5034c75a]" name="TS54_EDBZebraLevelAssumed" class="Illustrator.TestScenarios"/>
        <method signature="TestScenarios.TS55_EDBwBMozaLevelAssumed()[pri:0, instance:Illustrator.TestScenarios@5034c75a]" name="TS55_EDBwBMozaLevelAssumed" class="Illustrator.TestScenarios"/>
      </group> <!-- LevelAssumed -->
      <group name="None">
        <method signature="TestScenarios.TS01_NoneNoNaicStrongest()[pri:0, instance:Illustrator.TestScenarios@5034c75a]" name="TS01_NoneNoNaicStrongest" class="Illustrator.TestScenarios"/>
        <method signature="TestScenarios.TS02_NoneNoNaicLevelAssumed()[pri:0, instance:Illustrator.TestScenarios@5034c75a]" name="TS02_NoneNoNaicLevelAssumed" class="Illustrator.TestScenarios"/>
        <method signature="TestScenarios.TS03_NoneNoNaicVariableAssumed()[pri:0, instance:Illustrator.TestScenarios@5034c75a]" name="TS03_NoneNoNaicVariableAssumed" class="Illustrator.TestScenarios"/>
        <method signature="TestScenarios.TS04_NoneNoNaicLABackcasted()[pri:0, instance:Illustrator.TestScenarios@5034c75a]" name="TS04_NoneNoNaicLABackcasted" class="Illustrator.TestScenarios"/>
        <method signature="TestScenarios.TS21_NoneNaicStrongest()[pri:0, instance:Illustrator.TestScenarios@5034c75a]" name="TS21_NoneNaicStrongest" class="Illustrator.TestScenarios"/>
        <method signature="TestScenarios.TS22_NoneNaicLevelAssumed()[pri:0, instance:Illustrator.TestScenarios@5034c75a]" name="TS22_NoneNaicLevelAssumed" class="Illustrator.TestScenarios"/>
        <method signature="TestScenarios.TS23_NoneNaicVariableAssumed()[pri:0, instance:Illustrator.TestScenarios@5034c75a]" name="TS23_NoneNaicVariableAssumed" class="Illustrator.TestScenarios"/>
        <method signature="TestScenarios.TS24_NoneNaicLABackcasted()[pri:0, instance:Illustrator.TestScenarios@5034c75a]" name="TS24_NoneNaicLABackcasted" class="Illustrator.TestScenarios"/>
        <method signature="TestScenarios.TS46_NoneMozaicIILevelAssumed()[pri:0, instance:Illustrator.TestScenarios@5034c75a]" name="TS46_NoneMozaicIILevelAssumed" class="Illustrator.TestScenarios"/>
        <method signature="TestScenarios.TS51_NoneZebraLevelAssumed()[pri:0, instance:Illustrator.TestScenarios@5034c75a]" name="TS51_NoneZebraLevelAssumed" class="Illustrator.TestScenarios"/>
      </group> <!-- None -->
    </groups>
    <test name="Default test" duration-ms="2399682" started-at="2020-07-15T21:34:14Z" finished-at="2020-07-15T22:14:14Z">
      <class name="Illustrator.TestScenarios">
        <test-method status="PASS" signature="initialSetUp()[pri:0, instance:Illustrator.TestScenarios@5034c75a]" name="initialSetUp" is-config="true" duration-ms="6438" started-at="2020-07-15T14:34:14Z" finished-at="2020-07-15T14:34:21Z">
          <reporter-output>
          </reporter-output>
        </test-method> <!-- initialSetUp -->
        <test-method status="PASS" signature="beforeMethod()[pri:0, instance:Illustrator.TestScenarios@5034c75a]" name="beforeMethod" is-config="true" duration-ms="3112" started-at="2020-07-15T14:34:21Z" finished-at="2020-07-15T14:34:24Z">
          <reporter-output>
          </reporter-output>
        </test-method> <!-- beforeMethod -->
        <test-method status="PASS" signature="TS01_NoneNoNaicStrongest()[pri:0, instance:Illustrator.TestScenarios@5034c75a]" name="TS01_NoneNoNaicStrongest" duration-ms="28752" started-at="2020-07-15T14:34:24Z" finished-at="2020-07-15T14:34:52Z">
          <reporter-output>
          </reporter-output>
        </test-method> <!-- TS01_NoneNoNaicStrongest -->
        <test-method status="PASS" signature="afterMethod()[pri:0, instance:Illustrator.TestScenarios@5034c75a]" name="afterMethod" is-config="true" duration-ms="0" started-at="2020-07-15T14:34:52Z" finished-at="2020-07-15T14:34:52Z">
          <reporter-output>
          </reporter-output>
        </test-method> <!-- afterMethod -->
        <test-method status="PASS" signature="beforeMethod()[pri:0, instance:Illustrator.TestScenarios@5034c75a]" name="beforeMethod" is-config="true" duration-ms="689" started-at="2020-07-15T14:34:52Z" finished-at="2020-07-15T14:34:53Z">
          <reporter-output>
          </reporter-output>
        </test-method> <!-- beforeMethod -->
        <test-method status="PASS" signature="TS02_NoneNoNaicLevelAssumed()[pri:0, instance:Illustrator.TestScenarios@5034c75a]" name="TS02_NoneNoNaicLevelAssumed" duration-ms="39188" started-at="2020-07-15T14:34:53Z" finished-at="2020-07-15T14:35:32Z">
          <reporter-output>
          </reporter-output>
        </test-method> <!-- TS02_NoneNoNaicLevelAssumed -->
        <test-method status="PASS" signature="beforeMethod()[pri:0, instance:Illustrator.TestScenarios@5034c75a]" name="beforeMethod" is-config="true" duration-ms="591" started-at="2020-07-15T14:35:32Z" finished-at="2020-07-15T14:35:33Z">
          <reporter-output>
          </reporter-output>
        </test-method> <!-- beforeMethod -->
        <test-method status="PASS" signature="afterMethod()[pri:0, instance:Illustrator.TestScenarios@5034c75a]" name="afterMethod" is-config="true" duration-ms="0" started-at="2020-07-15T14:35:32Z" finished-at="2020-07-15T14:35:32Z">
          <reporter-output>
          </reporter-output>
        </test-method> <!-- afterMethod -->
        <test-method status="PASS" signature="TS03_NoneNoNaicVariableAssumed()[pri:0, instance:Illustrator.TestScenarios@5034c75a]" name="TS03_NoneNoNaicVariableAssumed" duration-ms="39920" started-at="2020-07-15T14:35:33Z" finished-at="2020-07-15T14:36:13Z">
          <reporter-output>
          </reporter-output>
        </test-method> <!-- TS03_NoneNoNaicVariableAssumed -->
        <test-method status="PASS" signature="afterMethod()[pri:0, instance:Illustrator.TestScenarios@5034c75a]" name="afterMethod" is-config="true" duration-ms="0" started-at="2020-07-15T14:36:13Z" finished-at="2020-07-15T14:36:13Z">
          <reporter-output>
          </reporter-output>
        </test-method> <!-- afterMethod -->
        <test-method status="PASS" signature="beforeMethod()[pri:0, instance:Illustrator.TestScenarios@5034c75a]" name="beforeMethod" is-config="true" duration-ms="783" started-at="2020-07-15T14:36:13Z" finished-at="2020-07-15T14:36:14Z">
          <reporter-output>
          </reporter-output>
        </test-method> <!-- beforeMethod -->
        <test-method status="PASS" signature="TS04_NoneNoNaicLABackcasted()[pri:0, instance:Illustrator.TestScenarios@5034c75a]" name="TS04_NoneNoNaicLABackcasted" duration-ms="35901" started-at="2020-07-15T14:36:14Z" finished-at="2020-07-15T14:36:50Z">
          <reporter-output>
          </reporter-output>
        </test-method> <!-- TS04_NoneNoNaicLABackcasted -->
        <test-method status="PASS" signature="beforeMethod()[pri:0, instance:Illustrator.TestScenarios@5034c75a]" name="beforeMethod" is-config="true" duration-ms="576" started-at="2020-07-15T14:36:50Z" finished-at="2020-07-15T14:36:50Z">
          <reporter-output>
          </reporter-output>
        </test-method> <!-- beforeMethod -->
        <test-method status="PASS" signature="afterMethod()[pri:0, instance:Illustrator.TestScenarios@5034c75a]" name="afterMethod" is-config="true" duration-ms="0" started-at="2020-07-15T14:36:50Z" finished-at="2020-07-15T14:36:50Z">
          <reporter-output>
          </reporter-output>
        </test-method> <!-- afterMethod -->
        <test-method status="PASS" signature="TS05_IncomeNoNaicStrongest()[pri:0, instance:Illustrator.TestScenarios@5034c75a]" name="TS05_IncomeNoNaicStrongest" duration-ms="42293" started-at="2020-07-15T14:36:50Z" finished-at="2020-07-15T14:37:32Z">
          <reporter-output>
          </reporter-output>
        </test-method> <!-- TS05_IncomeNoNaicStrongest -->
        <test-method status="PASS" signature="afterMethod()[pri:0, instance:Illustrator.TestScenarios@5034c75a]" name="afterMethod" is-config="true" duration-ms="1" started-at="2020-07-15T14:37:32Z" finished-at="2020-07-15T14:37:32Z">
          <reporter-output>
          </reporter-output>
        </test-method> <!-- afterMethod -->
        <test-method status="PASS" signature="beforeMethod()[pri:0, instance:Illustrator.TestScenarios@5034c75a]" name="beforeMethod" is-config="true" duration-ms="885" started-at="2020-07-15T14:37:32Z" finished-at="2020-07-15T14:37:33Z">
          <reporter-output>
          </reporter-output>
        </test-method> <!-- beforeMethod -->
        <test-method status="FAIL" signature="TS06_IncomeNoNaicLevelAssumed()[pri:0, instance:Illustrator.TestScenarios@5034c75a]" name="TS06_IncomeNoNaicLevelAssumed" duration-ms="64222" started-at="2020-07-15T14:37:33Z" finished-at="2020-07-15T14:38:38Z">
          <exception class="org.openqa.selenium.NoSuchElementException">
            <message>
              <![CDATA[Cannot locate element with text: 4.00%
For documentation on this error, please visit: https://www.seleniumhq.org/exceptions/no_such_element.html
Build info: version: '3.141.59', revision: 'e82be7d358', time: '2018-11-14T08:25:48'
System info: host: 'AGLT026', ip: '192.168.100.2', os.name: 'Windows 10', os.arch: 'amd64', os.version: '10.0', java.version: '1.8.0_251'
Driver info: driver.version: unknown]]>
            </message>
            <full-stacktrace>
              <![CDATA[org.openqa.selenium.NoSuchElementException: Cannot locate element with text: 4.00%
For documentation on this error, please visit: https://www.seleniumhq.org/exceptions/no_such_element.html
Build info: version: '3.141.59', revision: 'e82be7d358', time: '2018-11-14T08:25:48'
System info: host: 'AGLT026', ip: '192.168.100.2', os.name: 'Windows 10', os.arch: 'amd64', os.version: '10.0', java.version: '1.8.0_251'
Driver info: driver.version: unknown
	at org.openqa.selenium.support.ui.Select.selectByVisibleText(Select.java:147)
	at Illustrator.Illustration.setRateIllustration(Illustration.java:767)
	at Illustrator.TestScenarios.TS06_IncomeNoNaicLevelAssumed(TestScenarios.java:444)
	at sun.reflect.NativeMethodAccessorImpl.invoke0(Native Method)
	at sun.reflect.NativeMethodAccessorImpl.invoke(Unknown Source)
	at sun.reflect.DelegatingMethodAccessorImpl.invoke(Unknown Source)
	at java.lang.reflect.Method.invoke(Unknown Source)
	at org.testng.internal.MethodInvocationHelper.invokeMethod(MethodInvocationHelper.java:100)
	at org.testng.internal.Invoker.invokeMethod(Invoker.java:646)
	at org.testng.internal.Invoker.invokeTestMethod(Invoker.java:811)
	at org.testng.internal.Invoker.invokeTestMethods(Invoker.java:1137)
	at org.testng.internal.TestMethodWorker.invokeTestMethods(TestMethodWorker.java:129)
	at org.testng.internal.TestMethodWorker.run(TestMethodWorker.java:112)
	at org.testng.TestRunner.privateRun(TestRunner.java:753)
	at org.testng.TestRunner.run(TestRunner.java:607)
	at org.testng.SuiteRunner.runTest(SuiteRunner.java:368)
	at org.testng.SuiteRunner.runSequentially(SuiteRunner.java:363)
	at org.testng.SuiteRunner.privateRun(SuiteRunner.java:321)
	at org.testng.SuiteRunner.run(SuiteRunner.java:270)
	at org.testng.SuiteRunnerWorker.runSuite(SuiteRunnerWorker.java:52)
	at org.testng.SuiteRunnerWorker.run(SuiteRunnerWorker.java:86)
	at org.testng.TestNG.runSuitesSequentially(TestNG.java:1284)
	at org.testng.TestNG.runSuitesLocally(TestNG.java:1209)
	at org.testng.TestNG.runSuites(TestNG.java:1124)
	at org.testng.TestNG.run(TestNG.java:1096)
	at org.testng.remote.AbstractRemoteTestNG.run(AbstractRemoteTestNG.java:132)
	at org.testng.remote.RemoteTestNG.initAndRun(RemoteTestNG.java:236)
	at org.testng.remote.RemoteTestNG.main(RemoteTestNG.java:81)
]]>
            </full-stacktrace>
          </exception> <!-- org.openqa.selenium.NoSuchElementException -->
          <reporter-output>
          </reporter-output>
        </test-method> <!-- TS06_IncomeNoNaicLevelAssumed -->
        <test-method status="PASS" signature="beforeMethod()[pri:0, instance:Illustrator.TestScenarios@5034c75a]" name="beforeMethod" is-config="true" duration-ms="705" started-at="2020-07-15T14:38:38Z" finished-at="2020-07-15T14:38:38Z">
          <reporter-output>
          </reporter-output>
        </test-method> <!-- beforeMethod -->
        <test-method status="PASS" signature="afterMethod()[pri:0, instance:Illustrator.TestScenarios@5034c75a]" name="afterMethod" is-config="true" duration-ms="0" started-at="2020-07-15T14:38:38Z" finished-at="2020-07-15T14:38:38Z">
          <reporter-output>
          </reporter-output>
        </test-method> <!-- afterMethod -->
        <test-method status="FAIL" signature="TS07_IncomeNoNaicVariableAssumed()[pri:0, instance:Illustrator.TestScenarios@5034c75a]" name="TS07_IncomeNoNaicVariableAssumed" duration-ms="61888" started-at="2020-07-15T14:38:38Z" finished-at="2020-07-15T14:39:40Z">
          <exception class="org.openqa.selenium.NoSuchElementException">
            <message>
              <![CDATA[no such element: Unable to locate element: {"method":"css selector","selector":"label[for='PreferredCreditingMethod-4']"}
  (Session info: chrome=83.0.4103.116)
  (Driver info: chromedriver=2.40.565498 (ea082db3280dd6843ebfb08a625e3eb905c4f5ab),platform=Windows NT 10.0.18363 x86_64) (WARNING: The server did not provide any stacktrace information)
Command duration or timeout: 0 milliseconds
For documentation on this error, please visit: https://www.seleniumhq.org/exceptions/no_such_element.html
Build info: version: '3.141.59', revision: 'e82be7d358', time: '2018-11-14T08:25:48'
System info: host: 'AGLT026', ip: '192.168.100.2', os.name: 'Windows 10', os.arch: 'amd64', os.version: '10.0', java.version: '1.8.0_251'
Driver info: org.openqa.selenium.chrome.ChromeDriver
Capabilities {acceptInsecureCerts: false, acceptSslCerts: false, applicationCacheEnabled: false, browserConnectionEnabled: false, browserName: chrome, chrome: {chromedriverVersion: 2.40.565498 (ea082db3280dd6..., userDataDir: C:\Users\vlopez\AppData\Loc...}, cssSelectorsEnabled: true, databaseEnabled: false, handlesAlerts: true, hasTouchScreen: false, javascriptEnabled: true, locationContextEnabled: true, mobileEmulationEnabled: false, nativeEvents: true, networkConnectionEnabled: false, pageLoadStrategy: normal, platform: XP, platformName: XP, rotatable: false, setWindowRect: true, takesHeapSnapshot: true, takesScreenshot: true, unexpectedAlertBehaviour: , unhandledPromptBehavior: , version: 83.0.4103.116, webStorageEnabled: true}
Session ID: fcdb7bfd33e6a266d2bd36d48c6fb426
*** Element info: {Using=css selector, value=label[for='PreferredCreditingMethod-4']}]]>
            </message>
            <full-stacktrace>
              <![CDATA[org.openqa.selenium.NoSuchElementException: no such element: Unable to locate element: {"method":"css selector","selector":"label[for='PreferredCreditingMethod-4']"}
  (Session info: chrome=83.0.4103.116)
  (Driver info: chromedriver=2.40.565498 (ea082db3280dd6843ebfb08a625e3eb905c4f5ab),platform=Windows NT 10.0.18363 x86_64) (WARNING: The server did not provide any stacktrace information)
Command duration or timeout: 0 milliseconds
For documentation on this error, please visit: https://www.seleniumhq.org/exceptions/no_such_element.html
Build info: version: '3.141.59', revision: 'e82be7d358', time: '2018-11-14T08:25:48'
System info: host: 'AGLT026', ip: '192.168.100.2', os.name: 'Windows 10', os.arch: 'amd64', os.version: '10.0', java.version: '1.8.0_251'
Driver info: org.openqa.selenium.chrome.ChromeDriver
Capabilities {acceptInsecureCerts: false, acceptSslCerts: false, applicationCacheEnabled: false, browserConnectionEnabled: false, browserName: chrome, chrome: {chromedriverVersion: 2.40.565498 (ea082db3280dd6..., userDataDir: C:\Users\vlopez\AppData\Loc...}, cssSelectorsEnabled: true, databaseEnabled: false, handlesAlerts: true, hasTouchScreen: false, javascriptEnabled: true, locationContextEnabled: true, mobileEmulationEnabled: false, nativeEvents: true, networkConnectionEnabled: false, pageLoadStrategy: normal, platform: XP, platformName: XP, rotatable: false, setWindowRect: true, takesHeapSnapshot: true, takesScreenshot: true, unexpectedAlertBehaviour: , unhandledPromptBehavior: , version: 83.0.4103.116, webStorageEnabled: true}
Session ID: fcdb7bfd33e6a266d2bd36d48c6fb426
*** Element info: {Using=css selector, value=label[for='PreferredCreditingMethod-4']}
	at sun.reflect.NativeConstructorAccessorImpl.newInstance0(Native Method)
	at sun.reflect.NativeConstructorAccessorImpl.newInstance(Unknown Source)
	at sun.reflect.DelegatingConstructorAccessorImpl.newInstance(Unknown Source)
	at java.lang.reflect.Constructor.newInstance(Unknown Source)
	at org.openqa.selenium.remote.ErrorHandler.createThrowable(ErrorHandler.java:214)
	at org.openqa.selenium.remote.ErrorHandler.throwIfResponseFailed(ErrorHandler.java:166)
	at org.openqa.selenium.remote.http.JsonHttpResponseCodec.reconstructValue(JsonHttpResponseCodec.java:40)
	at org.openqa.selenium.remote.http.AbstractHttpResponseCodec.decode(AbstractHttpResponseCodec.java:80)
	at org.openqa.selenium.remote.http.AbstractHttpResponseCodec.decode(AbstractHttpResponseCodec.java:44)
	at org.openqa.selenium.remote.HttpCommandExecutor.execute(HttpCommandExecutor.java:158)
	at org.openqa.selenium.remote.service.DriverCommandExecutor.execute(DriverCommandExecutor.java:83)
	at org.openqa.selenium.remote.RemoteWebDriver.execute(RemoteWebDriver.java:552)
	at org.openqa.selenium.remote.RemoteWebDriver.findElement(RemoteWebDriver.java:323)
	at org.openqa.selenium.remote.RemoteWebDriver.findElementByCssSelector(RemoteWebDriver.java:420)
	at org.openqa.selenium.By$ByCssSelector.findElement(By.java:431)
	at org.openqa.selenium.remote.RemoteWebDriver.findElement(RemoteWebDriver.java:315)
	at org.openqa.selenium.support.pagefactory.DefaultElementLocator.findElement(DefaultElementLocator.java:69)
	at org.openqa.selenium.support.pagefactory.internal.LocatingElementHandler.invoke(LocatingElementHandler.java:38)
	at com.sun.proxy.$Proxy11.click(Unknown Source)
	at Illustrator.Illustration.clickVariableAssumed(Illustration.java:771)
	at Illustrator.TestScenarios.TS07_IncomeNoNaicVariableAssumed(TestScenarios.java:507)
	at sun.reflect.NativeMethodAccessorImpl.invoke0(Native Method)
	at sun.reflect.NativeMethodAccessorImpl.invoke(Unknown Source)
	at sun.reflect.DelegatingMethodAccessorImpl.invoke(Unknown Source)
	at java.lang.reflect.Method.invoke(Unknown Source)
	at org.testng.internal.MethodInvocationHelper.invokeMethod(MethodInvocationHelper.java:100)
	at org.testng.internal.Invoker.invokeMethod(Invoker.java:646)
	at org.testng.internal.Invoker.invokeTestMethod(Invoker.java:811)
	at org.testng.internal.Invoker.invokeTestMethods(Invoker.java:1137)
	at org.testng.internal.TestMethodWorker.invokeTestMethods(TestMethodWorker.java:129)
	at org.testng.internal.TestMethodWorker.run(TestMethodWorker.java:112)
	at org.testng.TestRunner.privateRun(TestRunner.java:753)
	at org.testng.TestRunner.run(TestRunner.java:607)
	at org.testng.SuiteRunner.runTest(SuiteRunner.java:368)
	at org.testng.SuiteRunner.runSequentially(SuiteRunner.java:363)
	at org.testng.SuiteRunner.privateRun(SuiteRunner.java:321)
	at org.testng.SuiteRunner.run(SuiteRunner.java:270)
	at org.testng.SuiteRunnerWorker.runSuite(SuiteRunnerWorker.java:52)
	at org.testng.SuiteRunnerWorker.run(SuiteRunnerWorker.java:86)
	at org.testng.TestNG.runSuitesSequentially(TestNG.java:1284)
	at org.testng.TestNG.runSuitesLocally(TestNG.java:1209)
	at org.testng.TestNG.runSuites(TestNG.java:1124)
	at org.testng.TestNG.run(TestNG.java:1096)
	at org.testng.remote.AbstractRemoteTestNG.run(AbstractRemoteTestNG.java:132)
	at org.testng.remote.RemoteTestNG.initAndRun(RemoteTestNG.java:236)
	at org.testng.remote.RemoteTestNG.main(RemoteTestNG.java:81)
]]>
            </full-stacktrace>
          </exception> <!-- org.openqa.selenium.NoSuchElementException -->
          <reporter-output>
          </reporter-output>
        </test-method> <!-- TS07_IncomeNoNaicVariableAssumed -->
        <test-method status="PASS" signature="afterMethod()[pri:0, instance:Illustrator.TestScenarios@5034c75a]" name="afterMethod" is-config="true" duration-ms="0" started-at="2020-07-15T14:39:40Z" finished-at="2020-07-15T14:39:40Z">
          <reporter-output>
          </reporter-output>
        </test-method> <!-- afterMethod -->
        <test-method status="PASS" signature="beforeMethod()[pri:0, instance:Illustrator.TestScenarios@5034c75a]" name="beforeMethod" is-config="true" duration-ms="1059" started-at="2020-07-15T14:39:40Z" finished-at="2020-07-15T14:39:41Z">
          <reporter-output>
          </reporter-output>
        </test-method> <!-- beforeMethod -->
        <test-method status="PASS" signature="TS08_IncomeNoNaicLABackcasted()[pri:0, instance:Illustrator.TestScenarios@5034c75a]" name="TS08_IncomeNoNaicLABackcasted" duration-ms="43373" started-at="2020-07-15T14:39:41Z" finished-at="2020-07-15T14:40:25Z">
          <reporter-output>
          </reporter-output>
        </test-method> <!-- TS08_IncomeNoNaicLABackcasted -->
        <test-method status="PASS" signature="beforeMethod()[pri:0, instance:Illustrator.TestScenarios@5034c75a]" name="beforeMethod" is-config="true" duration-ms="682" started-at="2020-07-15T14:40:25Z" finished-at="2020-07-15T14:40:25Z">
          <reporter-output>
          </reporter-output>
        </test-method> <!-- beforeMethod -->
        <test-method status="PASS" signature="afterMethod()[pri:0, instance:Illustrator.TestScenarios@5034c75a]" name="afterMethod" is-config="true" duration-ms="0" started-at="2020-07-15T14:40:25Z" finished-at="2020-07-15T14:40:25Z">
          <reporter-output>
          </reporter-output>
        </test-method> <!-- afterMethod -->
        <test-method status="PASS" signature="TS09_IncomeBonusNoNaicStrongest()[pri:0, instance:Illustrator.TestScenarios@5034c75a]" name="TS09_IncomeBonusNoNaicStrongest" duration-ms="42846" started-at="2020-07-15T14:40:25Z" finished-at="2020-07-15T14:41:08Z">
          <reporter-output>
          </reporter-output>
        </test-method> <!-- TS09_IncomeBonusNoNaicStrongest -->
        <test-method status="PASS" signature="beforeMethod()[pri:0, instance:Illustrator.TestScenarios@5034c75a]" name="beforeMethod" is-config="true" duration-ms="1071" started-at="2020-07-15T14:41:08Z" finished-at="2020-07-15T14:41:09Z">
          <reporter-output>
          </reporter-output>
        </test-method> <!-- beforeMethod -->
        <test-method status="PASS" signature="afterMethod()[pri:0, instance:Illustrator.TestScenarios@5034c75a]" name="afterMethod" is-config="true" duration-ms="0" started-at="2020-07-15T14:41:08Z" finished-at="2020-07-15T14:41:08Z">
          <reporter-output>
          </reporter-output>
        </test-method> <!-- afterMethod -->
        <test-method status="PASS" signature="TS10_IncomeBonusNoNaicLevelAssumed()[pri:0, instance:Illustrator.TestScenarios@5034c75a]" name="TS10_IncomeBonusNoNaicLevelAssumed" duration-ms="45889" started-at="2020-07-15T14:41:09Z" finished-at="2020-07-15T14:41:55Z">
          <reporter-output>
          </reporter-output>
        </test-method> <!-- TS10_IncomeBonusNoNaicLevelAssumed -->
        <test-method status="PASS" signature="afterMethod()[pri:0, instance:Illustrator.TestScenarios@5034c75a]" name="afterMethod" is-config="true" duration-ms="0" started-at="2020-07-15T14:41:55Z" finished-at="2020-07-15T14:41:55Z">
          <reporter-output>
          </reporter-output>
        </test-method> <!-- afterMethod -->
        <test-method status="PASS" signature="beforeMethod()[pri:0, instance:Illustrator.TestScenarios@5034c75a]" name="beforeMethod" is-config="true" duration-ms="803" started-at="2020-07-15T14:41:55Z" finished-at="2020-07-15T14:41:56Z">
          <reporter-output>
          </reporter-output>
        </test-method> <!-- beforeMethod -->
        <test-method status="PASS" signature="TS11_IncomeBonusNoNaicVariableAssumed()[pri:0, instance:Illustrator.TestScenarios@5034c75a]" name="TS11_IncomeBonusNoNaicVariableAssumed" duration-ms="46608" started-at="2020-07-15T14:41:56Z" finished-at="2020-07-15T14:42:42Z">
          <reporter-output>
          </reporter-output>
        </test-method> <!-- TS11_IncomeBonusNoNaicVariableAssumed -->
        <test-method status="PASS" signature="afterMethod()[pri:0, instance:Illustrator.TestScenarios@5034c75a]" name="afterMethod" is-config="true" duration-ms="0" started-at="2020-07-15T14:42:42Z" finished-at="2020-07-15T14:42:42Z">
          <reporter-output>
          </reporter-output>
        </test-method> <!-- afterMethod -->
        <test-method status="PASS" signature="beforeMethod()[pri:0, instance:Illustrator.TestScenarios@5034c75a]" name="beforeMethod" is-config="true" duration-ms="628" started-at="2020-07-15T14:42:42Z" finished-at="2020-07-15T14:42:43Z">
          <reporter-output>
          </reporter-output>
        </test-method> <!-- beforeMethod -->
        <test-method status="PASS" signature="TS12_IncomeBonusNoNaicLABackcasted()[pri:0, instance:Illustrator.TestScenarios@5034c75a]" name="TS12_IncomeBonusNoNaicLABackcasted" duration-ms="46773" started-at="2020-07-15T14:42:43Z" finished-at="2020-07-15T14:43:30Z">
          <reporter-output>
          </reporter-output>
        </test-method> <!-- TS12_IncomeBonusNoNaicLABackcasted -->
        <test-method status="PASS" signature="afterMethod()[pri:0, instance:Illustrator.TestScenarios@5034c75a]" name="afterMethod" is-config="true" duration-ms="0" started-at="2020-07-15T14:43:30Z" finished-at="2020-07-15T14:43:30Z">
          <reporter-output>
          </reporter-output>
        </test-method> <!-- afterMethod -->
        <test-method status="PASS" signature="beforeMethod()[pri:0, instance:Illustrator.TestScenarios@5034c75a]" name="beforeMethod" is-config="true" duration-ms="761" started-at="2020-07-15T14:43:30Z" finished-at="2020-07-15T14:43:31Z">
          <reporter-output>
          </reporter-output>
        </test-method> <!-- beforeMethod -->
        <test-method status="PASS" signature="TS13_EDBNoNaicStrongest()[pri:0, instance:Illustrator.TestScenarios@5034c75a]" name="TS13_EDBNoNaicStrongest" duration-ms="46181" started-at="2020-07-15T14:43:31Z" finished-at="2020-07-15T14:44:17Z">
          <reporter-output>
          </reporter-output>
        </test-method> <!-- TS13_EDBNoNaicStrongest -->
        <test-method status="PASS" signature="beforeMethod()[pri:0, instance:Illustrator.TestScenarios@5034c75a]" name="beforeMethod" is-config="true" duration-ms="1137" started-at="2020-07-15T14:44:17Z" finished-at="2020-07-15T14:44:18Z">
          <reporter-output>
          </reporter-output>
        </test-method> <!-- beforeMethod -->
        <test-method status="PASS" signature="afterMethod()[pri:0, instance:Illustrator.TestScenarios@5034c75a]" name="afterMethod" is-config="true" duration-ms="0" started-at="2020-07-15T14:44:17Z" finished-at="2020-07-15T14:44:17Z">
          <reporter-output>
          </reporter-output>
        </test-method> <!-- afterMethod -->
        <test-method status="PASS" signature="TS14_EDBNoNaicLevelAssumed()[pri:0, instance:Illustrator.TestScenarios@5034c75a]" name="TS14_EDBNoNaicLevelAssumed" duration-ms="48707" started-at="2020-07-15T14:44:18Z" finished-at="2020-07-15T14:45:07Z">
          <reporter-output>
          </reporter-output>
        </test-method> <!-- TS14_EDBNoNaicLevelAssumed -->
        <test-method status="PASS" signature="afterMethod()[pri:0, instance:Illustrator.TestScenarios@5034c75a]" name="afterMethod" is-config="true" duration-ms="0" started-at="2020-07-15T14:45:07Z" finished-at="2020-07-15T14:45:07Z">
          <reporter-output>
          </reporter-output>
        </test-method> <!-- afterMethod -->
        <test-method status="PASS" signature="beforeMethod()[pri:0, instance:Illustrator.TestScenarios@5034c75a]" name="beforeMethod" is-config="true" duration-ms="911" started-at="2020-07-15T14:45:07Z" finished-at="2020-07-15T14:45:08Z">
          <reporter-output>
          </reporter-output>
        </test-method> <!-- beforeMethod -->
        <test-method status="PASS" signature="TS15_EDBNoNaicVariableAssumed()[pri:0, instance:Illustrator.TestScenarios@5034c75a]" name="TS15_EDBNoNaicVariableAssumed" duration-ms="48161" started-at="2020-07-15T14:45:08Z" finished-at="2020-07-15T14:45:56Z">
          <reporter-output>
          </reporter-output>
        </test-method> <!-- TS15_EDBNoNaicVariableAssumed -->
        <test-method status="PASS" signature="beforeMethod()[pri:0, instance:Illustrator.TestScenarios@5034c75a]" name="beforeMethod" is-config="true" duration-ms="752" started-at="2020-07-15T14:45:56Z" finished-at="2020-07-15T14:45:56Z">
          <reporter-output>
          </reporter-output>
        </test-method> <!-- beforeMethod -->
        <test-method status="PASS" signature="afterMethod()[pri:0, instance:Illustrator.TestScenarios@5034c75a]" name="afterMethod" is-config="true" duration-ms="0" started-at="2020-07-15T14:45:56Z" finished-at="2020-07-15T14:45:56Z">
          <reporter-output>
          </reporter-output>
        </test-method> <!-- afterMethod -->
        <test-method status="PASS" signature="TS16_EDBNoNaicLABackcasted()[pri:0, instance:Illustrator.TestScenarios@5034c75a]" name="TS16_EDBNoNaicLABackcasted" duration-ms="48585" started-at="2020-07-15T14:45:56Z" finished-at="2020-07-15T14:46:45Z">
          <reporter-output>
          </reporter-output>
        </test-method> <!-- TS16_EDBNoNaicLABackcasted -->
        <test-method status="PASS" signature="afterMethod()[pri:0, instance:Illustrator.TestScenarios@5034c75a]" name="afterMethod" is-config="true" duration-ms="0" started-at="2020-07-15T14:46:45Z" finished-at="2020-07-15T14:46:45Z">
          <reporter-output>
          </reporter-output>
        </test-method> <!-- afterMethod -->
        <test-method status="PASS" signature="beforeMethod()[pri:0, instance:Illustrator.TestScenarios@5034c75a]" name="beforeMethod" is-config="true" duration-ms="632" started-at="2020-07-15T14:46:45Z" finished-at="2020-07-15T14:46:46Z">
          <reporter-output>
          </reporter-output>
        </test-method> <!-- beforeMethod -->
        <test-method status="PASS" signature="TS17_EDBwBNoNaicStrongest()[pri:0, instance:Illustrator.TestScenarios@5034c75a]" name="TS17_EDBwBNoNaicStrongest" duration-ms="53542" started-at="2020-07-15T14:46:46Z" finished-at="2020-07-15T14:47:39Z">
          <reporter-output>
          </reporter-output>
        </test-method> <!-- TS17_EDBwBNoNaicStrongest -->
        <test-method status="PASS" signature="afterMethod()[pri:0, instance:Illustrator.TestScenarios@5034c75a]" name="afterMethod" is-config="true" duration-ms="1" started-at="2020-07-15T14:47:39Z" finished-at="2020-07-15T14:47:39Z">
          <reporter-output>
          </reporter-output>
        </test-method> <!-- afterMethod -->
        <test-method status="PASS" signature="beforeMethod()[pri:0, instance:Illustrator.TestScenarios@5034c75a]" name="beforeMethod" is-config="true" duration-ms="764" started-at="2020-07-15T14:47:39Z" finished-at="2020-07-15T14:47:40Z">
          <reporter-output>
          </reporter-output>
        </test-method> <!-- beforeMethod -->
        <test-method status="FAIL" signature="TS18_EDBwBNoNaicLevelAssumed()[pri:0, instance:Illustrator.TestScenarios@5034c75a]" name="TS18_EDBwBNoNaicLevelAssumed" duration-ms="64956" started-at="2020-07-15T14:47:40Z" finished-at="2020-07-15T14:48:45Z">
          <exception class="org.openqa.selenium.NoSuchElementException">
            <message>
              <![CDATA[Cannot locate element with text: 3.50%
For documentation on this error, please visit: https://www.seleniumhq.org/exceptions/no_such_element.html
Build info: version: '3.141.59', revision: 'e82be7d358', time: '2018-11-14T08:25:48'
System info: host: 'AGLT026', ip: '192.168.100.2', os.name: 'Windows 10', os.arch: 'amd64', os.version: '10.0', java.version: '1.8.0_251'
Driver info: driver.version: unknown]]>
            </message>
            <full-stacktrace>
              <![CDATA[org.openqa.selenium.NoSuchElementException: Cannot locate element with text: 3.50%
For documentation on this error, please visit: https://www.seleniumhq.org/exceptions/no_such_element.html
Build info: version: '3.141.59', revision: 'e82be7d358', time: '2018-11-14T08:25:48'
System info: host: 'AGLT026', ip: '192.168.100.2', os.name: 'Windows 10', os.arch: 'amd64', os.version: '10.0', java.version: '1.8.0_251'
Driver info: driver.version: unknown
	at org.openqa.selenium.support.ui.Select.selectByVisibleText(Select.java:147)
	at Illustrator.Illustration.setRateIllustration(Illustration.java:767)
	at Illustrator.TestScenarios.TS18_EDBwBNoNaicLevelAssumed(TestScenarios.java:1308)
	at sun.reflect.NativeMethodAccessorImpl.invoke0(Native Method)
	at sun.reflect.NativeMethodAccessorImpl.invoke(Unknown Source)
	at sun.reflect.DelegatingMethodAccessorImpl.invoke(Unknown Source)
	at java.lang.reflect.Method.invoke(Unknown Source)
	at org.testng.internal.MethodInvocationHelper.invokeMethod(MethodInvocationHelper.java:100)
	at org.testng.internal.Invoker.invokeMethod(Invoker.java:646)
	at org.testng.internal.Invoker.invokeTestMethod(Invoker.java:811)
	at org.testng.internal.Invoker.invokeTestMethods(Invoker.java:1137)
	at org.testng.internal.TestMethodWorker.invokeTestMethods(TestMethodWorker.java:129)
	at org.testng.internal.TestMethodWorker.run(TestMethodWorker.java:112)
	at org.testng.TestRunner.privateRun(TestRunner.java:753)
	at org.testng.TestRunner.run(TestRunner.java:607)
	at org.testng.SuiteRunner.runTest(SuiteRunner.java:368)
	at org.testng.SuiteRunner.runSequentially(SuiteRunner.java:363)
	at org.testng.SuiteRunner.privateRun(SuiteRunner.java:321)
	at org.testng.SuiteRunner.run(SuiteRunner.java:270)
	at org.testng.SuiteRunnerWorker.runSuite(SuiteRunnerWorker.java:52)
	at org.testng.SuiteRunnerWorker.run(SuiteRunnerWorker.java:86)
	at org.testng.TestNG.runSuitesSequentially(TestNG.java:1284)
	at org.testng.TestNG.runSuitesLocally(TestNG.java:1209)
	at org.testng.TestNG.runSuites(TestNG.java:1124)
	at org.testng.TestNG.run(TestNG.java:1096)
	at org.testng.remote.AbstractRemoteTestNG.run(AbstractRemoteTestNG.java:132)
	at org.testng.remote.RemoteTestNG.initAndRun(RemoteTestNG.java:236)
	at org.testng.remote.RemoteTestNG.main(RemoteTestNG.java:81)
]]>
            </full-stacktrace>
          </exception> <!-- org.openqa.selenium.NoSuchElementException -->
          <reporter-output>
          </reporter-output>
        </test-method> <!-- TS18_EDBwBNoNaicLevelAssumed -->
        <test-method status="PASS" signature="afterMethod()[pri:0, instance:Illustrator.TestScenarios@5034c75a]" name="afterMethod" is-config="true" duration-ms="1" started-at="2020-07-15T14:48:45Z" finished-at="2020-07-15T14:48:45Z">
          <reporter-output>
          </reporter-output>
        </test-method> <!-- afterMethod -->
        <test-method status="PASS" signature="beforeMethod()[pri:0, instance:Illustrator.TestScenarios@5034c75a]" name="beforeMethod" is-config="true" duration-ms="1133" started-at="2020-07-15T14:48:45Z" finished-at="2020-07-15T14:48:46Z">
          <reporter-output>
          </reporter-output>
        </test-method> <!-- beforeMethod -->
        <test-method status="PASS" signature="TS19_EDBwBNoNaicVariableAssumed()[pri:0, instance:Illustrator.TestScenarios@5034c75a]" name="TS19_EDBwBNoNaicVariableAssumed" duration-ms="44187" started-at="2020-07-15T14:48:46Z" finished-at="2020-07-15T14:49:30Z">
          <reporter-output>
          </reporter-output>
        </test-method> <!-- TS19_EDBwBNoNaicVariableAssumed -->
        <test-method status="PASS" signature="beforeMethod()[pri:0, instance:Illustrator.TestScenarios@5034c75a]" name="beforeMethod" is-config="true" duration-ms="636" started-at="2020-07-15T14:49:30Z" finished-at="2020-07-15T14:49:31Z">
          <reporter-output>
          </reporter-output>
        </test-method> <!-- beforeMethod -->
        <test-method status="PASS" signature="afterMethod()[pri:0, instance:Illustrator.TestScenarios@5034c75a]" name="afterMethod" is-config="true" duration-ms="0" started-at="2020-07-15T14:49:30Z" finished-at="2020-07-15T14:49:30Z">
          <reporter-output>
          </reporter-output>
        </test-method> <!-- afterMethod -->
        <test-method status="PASS" signature="TS20_EDBwBNoNaicLABackcasted()[pri:0, instance:Illustrator.TestScenarios@5034c75a]" name="TS20_EDBwBNoNaicLABackcasted" duration-ms="44694" started-at="2020-07-15T14:49:31Z" finished-at="2020-07-15T14:50:16Z">
          <reporter-output>
          </reporter-output>
        </test-method> <!-- TS20_EDBwBNoNaicLABackcasted -->
        <test-method status="PASS" signature="afterMethod()[pri:0, instance:Illustrator.TestScenarios@5034c75a]" name="afterMethod" is-config="true" duration-ms="1" started-at="2020-07-15T14:50:16Z" finished-at="2020-07-15T14:50:16Z">
          <reporter-output>
          </reporter-output>
        </test-method> <!-- afterMethod -->
        <test-method status="PASS" signature="beforeMethod()[pri:0, instance:Illustrator.TestScenarios@5034c75a]" name="beforeMethod" is-config="true" duration-ms="844" started-at="2020-07-15T14:50:16Z" finished-at="2020-07-15T14:50:16Z">
          <reporter-output>
          </reporter-output>
        </test-method> <!-- beforeMethod -->
        <test-method status="PASS" signature="TS21_NoneNaicStrongest()[pri:0, instance:Illustrator.TestScenarios@5034c75a]" name="TS21_NoneNaicStrongest" duration-ms="41685" started-at="2020-07-15T14:50:16Z" finished-at="2020-07-15T14:50:58Z">
          <reporter-output>
          </reporter-output>
        </test-method> <!-- TS21_NoneNaicStrongest -->
        <test-method status="PASS" signature="beforeMethod()[pri:0, instance:Illustrator.TestScenarios@5034c75a]" name="beforeMethod" is-config="true" duration-ms="849" started-at="2020-07-15T14:50:58Z" finished-at="2020-07-15T14:50:59Z">
          <reporter-output>
          </reporter-output>
        </test-method> <!-- beforeMethod -->
        <test-method status="PASS" signature="afterMethod()[pri:0, instance:Illustrator.TestScenarios@5034c75a]" name="afterMethod" is-config="true" duration-ms="0" started-at="2020-07-15T14:50:58Z" finished-at="2020-07-15T14:50:58Z">
          <reporter-output>
          </reporter-output>
        </test-method> <!-- afterMethod -->
        <test-method status="FAIL" signature="TS22_NoneNaicLevelAssumed()[pri:0, instance:Illustrator.TestScenarios@5034c75a]" name="TS22_NoneNaicLevelAssumed" duration-ms="58385" started-at="2020-07-15T14:50:59Z" finished-at="2020-07-15T14:51:57Z">
          <exception class="org.openqa.selenium.NoSuchElementException">
            <message>
              <![CDATA[Cannot locate element with text: 4.00%
For documentation on this error, please visit: https://www.seleniumhq.org/exceptions/no_such_element.html
Build info: version: '3.141.59', revision: 'e82be7d358', time: '2018-11-14T08:25:48'
System info: host: 'AGLT026', ip: '192.168.100.2', os.name: 'Windows 10', os.arch: 'amd64', os.version: '10.0', java.version: '1.8.0_251'
Driver info: driver.version: unknown]]>
            </message>
            <full-stacktrace>
              <![CDATA[org.openqa.selenium.NoSuchElementException: Cannot locate element with text: 4.00%
For documentation on this error, please visit: https://www.seleniumhq.org/exceptions/no_such_element.html
Build info: version: '3.141.59', revision: 'e82be7d358', time: '2018-11-14T08:25:48'
System info: host: 'AGLT026', ip: '192.168.100.2', os.name: 'Windows 10', os.arch: 'amd64', os.version: '10.0', java.version: '1.8.0_251'
Driver info: driver.version: unknown
	at org.openqa.selenium.support.ui.Select.selectByVisibleText(Select.java:147)
	at Illustrator.Illustration.setRateIllustration(Illustration.java:767)
	at Illustrator.TestScenarios.TS22_NoneNaicLevelAssumed(TestScenarios.java:1510)
	at sun.reflect.NativeMethodAccessorImpl.invoke0(Native Method)
	at sun.reflect.NativeMethodAccessorImpl.invoke(Unknown Source)
	at sun.reflect.DelegatingMethodAccessorImpl.invoke(Unknown Source)
	at java.lang.reflect.Method.invoke(Unknown Source)
	at org.testng.internal.MethodInvocationHelper.invokeMethod(MethodInvocationHelper.java:100)
	at org.testng.internal.Invoker.invokeMethod(Invoker.java:646)
	at org.testng.internal.Invoker.invokeTestMethod(Invoker.java:811)
	at org.testng.internal.Invoker.invokeTestMethods(Invoker.java:1137)
	at org.testng.internal.TestMethodWorker.invokeTestMethods(TestMethodWorker.java:129)
	at org.testng.internal.TestMethodWorker.run(TestMethodWorker.java:112)
	at org.testng.TestRunner.privateRun(TestRunner.java:753)
	at org.testng.TestRunner.run(TestRunner.java:607)
	at org.testng.SuiteRunner.runTest(SuiteRunner.java:368)
	at org.testng.SuiteRunner.runSequentially(SuiteRunner.java:363)
	at org.testng.SuiteRunner.privateRun(SuiteRunner.java:321)
	at org.testng.SuiteRunner.run(SuiteRunner.java:270)
	at org.testng.SuiteRunnerWorker.runSuite(SuiteRunnerWorker.java:52)
	at org.testng.SuiteRunnerWorker.run(SuiteRunnerWorker.java:86)
	at org.testng.TestNG.runSuitesSequentially(TestNG.java:1284)
	at org.testng.TestNG.runSuitesLocally(TestNG.java:1209)
	at org.testng.TestNG.runSuites(TestNG.java:1124)
	at org.testng.TestNG.run(TestNG.java:1096)
	at org.testng.remote.AbstractRemoteTestNG.run(AbstractRemoteTestNG.java:132)
	at org.testng.remote.RemoteTestNG.initAndRun(RemoteTestNG.java:236)
	at org.testng.remote.RemoteTestNG.main(RemoteTestNG.java:81)
]]>
            </full-stacktrace>
          </exception> <!-- org.openqa.selenium.NoSuchElementException -->
          <reporter-output>
          </reporter-output>
        </test-method> <!-- TS22_NoneNaicLevelAssumed -->
        <test-method status="PASS" signature="afterMethod()[pri:0, instance:Illustrator.TestScenarios@5034c75a]" name="afterMethod" is-config="true" duration-ms="0" started-at="2020-07-15T14:51:57Z" finished-at="2020-07-15T14:51:57Z">
          <reporter-output>
          </reporter-output>
        </test-method> <!-- afterMethod -->
        <test-method status="PASS" signature="beforeMethod()[pri:0, instance:Illustrator.TestScenarios@5034c75a]" name="beforeMethod" is-config="true" duration-ms="1111" started-at="2020-07-15T14:51:57Z" finished-at="2020-07-15T14:51:58Z">
          <reporter-output>
          </reporter-output>
        </test-method> <!-- beforeMethod -->
        <test-method status="PASS" signature="TS23_NoneNaicVariableAssumed()[pri:0, instance:Illustrator.TestScenarios@5034c75a]" name="TS23_NoneNaicVariableAssumed" duration-ms="38832" started-at="2020-07-15T14:51:58Z" finished-at="2020-07-15T14:52:37Z">
          <reporter-output>
          </reporter-output>
        </test-method> <!-- TS23_NoneNaicVariableAssumed -->
        <test-method status="PASS" signature="afterMethod()[pri:0, instance:Illustrator.TestScenarios@5034c75a]" name="afterMethod" is-config="true" duration-ms="0" started-at="2020-07-15T14:52:37Z" finished-at="2020-07-15T14:52:37Z">
          <reporter-output>
          </reporter-output>
        </test-method> <!-- afterMethod -->
        <test-method status="PASS" signature="beforeMethod()[pri:0, instance:Illustrator.TestScenarios@5034c75a]" name="beforeMethod" is-config="true" duration-ms="787" started-at="2020-07-15T14:52:37Z" finished-at="2020-07-15T14:52:38Z">
          <reporter-output>
          </reporter-output>
        </test-method> <!-- beforeMethod -->
        <test-method status="PASS" signature="TS24_NoneNaicLABackcasted()[pri:0, instance:Illustrator.TestScenarios@5034c75a]" name="TS24_NoneNaicLABackcasted" duration-ms="37867" started-at="2020-07-15T14:52:38Z" finished-at="2020-07-15T14:53:16Z">
          <reporter-output>
          </reporter-output>
        </test-method> <!-- TS24_NoneNaicLABackcasted -->
        <test-method status="PASS" signature="afterMethod()[pri:0, instance:Illustrator.TestScenarios@5034c75a]" name="afterMethod" is-config="true" duration-ms="0" started-at="2020-07-15T14:53:16Z" finished-at="2020-07-15T14:53:16Z">
          <reporter-output>
          </reporter-output>
        </test-method> <!-- afterMethod -->
        <test-method status="PASS" signature="beforeMethod()[pri:0, instance:Illustrator.TestScenarios@5034c75a]" name="beforeMethod" is-config="true" duration-ms="684" started-at="2020-07-15T14:53:16Z" finished-at="2020-07-15T14:53:17Z">
          <reporter-output>
          </reporter-output>
        </test-method> <!-- beforeMethod -->
        <test-method status="PASS" signature="TS25_IncomeNaicStrongest()[pri:0, instance:Illustrator.TestScenarios@5034c75a]" name="TS25_IncomeNaicStrongest" duration-ms="40882" started-at="2020-07-15T14:53:17Z" finished-at="2020-07-15T14:53:58Z">
          <reporter-output>
          </reporter-output>
        </test-method> <!-- TS25_IncomeNaicStrongest -->
        <test-method status="PASS" signature="beforeMethod()[pri:0, instance:Illustrator.TestScenarios@5034c75a]" name="beforeMethod" is-config="true" duration-ms="769" started-at="2020-07-15T14:53:58Z" finished-at="2020-07-15T14:53:58Z">
          <reporter-output>
          </reporter-output>
        </test-method> <!-- beforeMethod -->
        <test-method status="PASS" signature="afterMethod()[pri:0, instance:Illustrator.TestScenarios@5034c75a]" name="afterMethod" is-config="true" duration-ms="0" started-at="2020-07-15T14:53:58Z" finished-at="2020-07-15T14:53:58Z">
          <reporter-output>
          </reporter-output>
        </test-method> <!-- afterMethod -->
        <test-method status="FAIL" signature="TS26_IncomeNaicLevelAssumed()[pri:0, instance:Illustrator.TestScenarios@5034c75a]" name="TS26_IncomeNaicLevelAssumed" duration-ms="64816" started-at="2020-07-15T14:53:58Z" finished-at="2020-07-15T14:55:03Z">
          <exception class="org.openqa.selenium.NoSuchElementException">
            <message>
              <![CDATA[Cannot locate element with text: 4.00%
For documentation on this error, please visit: https://www.seleniumhq.org/exceptions/no_such_element.html
Build info: version: '3.141.59', revision: 'e82be7d358', time: '2018-11-14T08:25:48'
System info: host: 'AGLT026', ip: '192.168.100.2', os.name: 'Windows 10', os.arch: 'amd64', os.version: '10.0', java.version: '1.8.0_251'
Driver info: driver.version: unknown]]>
            </message>
            <full-stacktrace>
              <![CDATA[org.openqa.selenium.NoSuchElementException: Cannot locate element with text: 4.00%
For documentation on this error, please visit: https://www.seleniumhq.org/exceptions/no_such_element.html
Build info: version: '3.141.59', revision: 'e82be7d358', time: '2018-11-14T08:25:48'
System info: host: 'AGLT026', ip: '192.168.100.2', os.name: 'Windows 10', os.arch: 'amd64', os.version: '10.0', java.version: '1.8.0_251'
Driver info: driver.version: unknown
	at org.openqa.selenium.support.ui.Select.selectByVisibleText(Select.java:147)
	at Illustrator.Illustration.setRateIllustration(Illustration.java:767)
	at Illustrator.TestScenarios.TS26_IncomeNaicLevelAssumed(TestScenarios.java:1710)
	at sun.reflect.NativeMethodAccessorImpl.invoke0(Native Method)
	at sun.reflect.NativeMethodAccessorImpl.invoke(Unknown Source)
	at sun.reflect.DelegatingMethodAccessorImpl.invoke(Unknown Source)
	at java.lang.reflect.Method.invoke(Unknown Source)
	at org.testng.internal.MethodInvocationHelper.invokeMethod(MethodInvocationHelper.java:100)
	at org.testng.internal.Invoker.invokeMethod(Invoker.java:646)
	at org.testng.internal.Invoker.invokeTestMethod(Invoker.java:811)
	at org.testng.internal.Invoker.invokeTestMethods(Invoker.java:1137)
	at org.testng.internal.TestMethodWorker.invokeTestMethods(TestMethodWorker.java:129)
	at org.testng.internal.TestMethodWorker.run(TestMethodWorker.java:112)
	at org.testng.TestRunner.privateRun(TestRunner.java:753)
	at org.testng.TestRunner.run(TestRunner.java:607)
	at org.testng.SuiteRunner.runTest(SuiteRunner.java:368)
	at org.testng.SuiteRunner.runSequentially(SuiteRunner.java:363)
	at org.testng.SuiteRunner.privateRun(SuiteRunner.java:321)
	at org.testng.SuiteRunner.run(SuiteRunner.java:270)
	at org.testng.SuiteRunnerWorker.runSuite(SuiteRunnerWorker.java:52)
	at org.testng.SuiteRunnerWorker.run(SuiteRunnerWorker.java:86)
	at org.testng.TestNG.runSuitesSequentially(TestNG.java:1284)
	at org.testng.TestNG.runSuitesLocally(TestNG.java:1209)
	at org.testng.TestNG.runSuites(TestNG.java:1124)
	at org.testng.TestNG.run(TestNG.java:1096)
	at org.testng.remote.AbstractRemoteTestNG.run(AbstractRemoteTestNG.java:132)
	at org.testng.remote.RemoteTestNG.initAndRun(RemoteTestNG.java:236)
	at org.testng.remote.RemoteTestNG.main(RemoteTestNG.java:81)
]]>
            </full-stacktrace>
          </exception> <!-- org.openqa.selenium.NoSuchElementException -->
          <reporter-output>
          </reporter-output>
        </test-method> <!-- TS26_IncomeNaicLevelAssumed -->
        <test-method status="PASS" signature="afterMethod()[pri:0, instance:Illustrator.TestScenarios@5034c75a]" name="afterMethod" is-config="true" duration-ms="0" started-at="2020-07-15T14:55:03Z" finished-at="2020-07-15T14:55:03Z">
          <reporter-output>
          </reporter-output>
        </test-method> <!-- afterMethod -->
        <test-method status="PASS" signature="beforeMethod()[pri:0, instance:Illustrator.TestScenarios@5034c75a]" name="beforeMethod" is-config="true" duration-ms="758" started-at="2020-07-15T14:55:03Z" finished-at="2020-07-15T14:55:04Z">
          <reporter-output>
          </reporter-output>
        </test-method> <!-- beforeMethod -->
        <test-method status="PASS" signature="TS27_IncomeNaicVariableAssumed()[pri:0, instance:Illustrator.TestScenarios@5034c75a]" name="TS27_IncomeNaicVariableAssumed" duration-ms="42121" started-at="2020-07-15T14:55:04Z" finished-at="2020-07-15T14:55:46Z">
          <reporter-output>
          </reporter-output>
        </test-method> <!-- TS27_IncomeNaicVariableAssumed -->
        <test-method status="PASS" signature="afterMethod()[pri:0, instance:Illustrator.TestScenarios@5034c75a]" name="afterMethod" is-config="true" duration-ms="0" started-at="2020-07-15T14:55:46Z" finished-at="2020-07-15T14:55:46Z">
          <reporter-output>
          </reporter-output>
        </test-method> <!-- afterMethod -->
        <test-method status="PASS" signature="beforeMethod()[pri:0, instance:Illustrator.TestScenarios@5034c75a]" name="beforeMethod" is-config="true" duration-ms="950" started-at="2020-07-15T14:55:46Z" finished-at="2020-07-15T14:55:47Z">
          <reporter-output>
          </reporter-output>
        </test-method> <!-- beforeMethod -->
        <test-method status="PASS" signature="TS28_IncomeNaicLABackcasted()[pri:0, instance:Illustrator.TestScenarios@5034c75a]" name="TS28_IncomeNaicLABackcasted" duration-ms="43507" started-at="2020-07-15T14:55:47Z" finished-at="2020-07-15T14:56:30Z">
[...]
          <reporter-output>
          </reporter-output>
        </test-method> <!-- beforeMethod -->
        <test-method status="PASS" signature="afterMethod()[pri:0, instance:Illustrator.TestScenarios@5034c75a]" name="afterMethod" is-config="true" duration-ms="0" started-at="2020-07-15T15:05:14Z" finished-at="2020-07-15T15:05:14Z">
          <reporter-output>
          </reporter-output>
        </test-method> <!-- afterMethod -->
        <test-method status="PASS" signature="TS39_EDBwBNaicVariableAssumed()[pri:0, instance:Illustrator.TestScenarios@5034c75a]" name="TS39_EDBwBNaicVariableAssumed" duration-ms="46441" started-at="2020-07-15T15:05:15Z" finished-at="2020-07-15T15:06:01Z">
          <reporter-output>
          </reporter-output>
        </test-method> <!-- TS39_EDBwBNaicVariableAssumed -->
        <test-method status="PASS" signature="afterMethod()[pri:0, instance:Illustrator.TestScenarios@5034c75a]" name="afterMethod" is-config="true" duration-ms="0" started-at="2020-07-15T15:06:01Z" finished-at="2020-07-15T15:06:01Z">
          <reporter-output>
          </reporter-output>
        </test-method> <!-- afterMethod -->
        <test-method status="PASS" signature="beforeMethod()[pri:0, instance:Illustrator.TestScenarios@5034c75a]" name="beforeMethod" is-config="true" duration-ms="1072" started-at="2020-07-15T15:06:01Z" finished-at="2020-07-15T15:06:02Z">
          <reporter-output>
          </reporter-output>
        </test-method> <!-- beforeMethod -->
        <test-method status="FAIL" signature="TS40_EDBwBNaicLABackcasted()[pri:0, instance:Illustrator.TestScenarios@5034c75a]" name="TS40_EDBwBNaicLABackcasted" duration-ms="13400" started-at="2020-07-15T15:06:02Z" finished-at="2020-07-15T15:06:16Z">
          <exception class="org.openqa.selenium.ElementNotVisibleException">
            <message>
              <![CDATA[element not visible
  (Session info: chrome=83.0.4103.116)
  (Driver info: chromedriver=2.40.565498 (ea082db3280dd6843ebfb08a625e3eb905c4f5ab),platform=Windows NT 10.0.18363 x86_64) (WARNING: The server did not provide any stacktrace information)
Command duration or timeout: 0 milliseconds
Build info: version: '3.141.59', revision: 'e82be7d358', time: '2018-11-14T08:25:48'
System info: host: 'AGLT026', ip: '192.168.100.2', os.name: 'Windows 10', os.arch: 'amd64', os.version: '10.0', java.version: '1.8.0_251'
Driver info: org.openqa.selenium.chrome.ChromeDriver
Capabilities {acceptInsecureCerts: false, acceptSslCerts: false, applicationCacheEnabled: false, browserConnectionEnabled: false, browserName: chrome, chrome: {chromedriverVersion: 2.40.565498 (ea082db3280dd6..., userDataDir: C:\Users\vlopez\AppData\Loc...}, cssSelectorsEnabled: true, databaseEnabled: false, handlesAlerts: true, hasTouchScreen: false, javascriptEnabled: true, locationContextEnabled: true, mobileEmulationEnabled: false, nativeEvents: true, networkConnectionEnabled: false, pageLoadStrategy: normal, platform: XP, platformName: XP, rotatable: false, setWindowRect: true, takesHeapSnapshot: true, takesScreenshot: true, unexpectedAlertBehaviour: , unhandledPromptBehavior: , version: 83.0.4103.116, webStorageEnabled: true}
Session ID: fcdb7bfd33e6a266d2bd36d48c6fb426]]>
            </message>
            <full-stacktrace>
              <![CDATA[org.openqa.selenium.ElementNotVisibleException: element not visible
  (Session info: chrome=83.0.4103.116)
  (Driver info: chromedriver=2.40.565498 (ea082db3280dd6843ebfb08a625e3eb905c4f5ab),platform=Windows NT 10.0.18363 x86_64) (WARNING: The server did not provide any stacktrace information)
Command duration or timeout: 0 milliseconds
Build info: version: '3.141.59', revision: 'e82be7d358', time: '2018-11-14T08:25:48'
System info: host: 'AGLT026', ip: '192.168.100.2', os.name: 'Windows 10', os.arch: 'amd64', os.version: '10.0', java.version: '1.8.0_251'
Driver info: org.openqa.selenium.chrome.ChromeDriver
Capabilities {acceptInsecureCerts: false, acceptSslCerts: false, applicationCacheEnabled: false, browserConnectionEnabled: false, browserName: chrome, chrome: {chromedriverVersion: 2.40.565498 (ea082db3280dd6..., userDataDir: C:\Users\vlopez\AppData\Loc...}, cssSelectorsEnabled: true, databaseEnabled: false, handlesAlerts: true, hasTouchScreen: false, javascriptEnabled: true, locationContextEnabled: true, mobileEmulationEnabled: false, nativeEvents: true, networkConnectionEnabled: false, pageLoadStrategy: normal, platform: XP, platformName: XP, rotatable: false, setWindowRect: true, takesHeapSnapshot: true, takesScreenshot: true, unexpectedAlertBehaviour: , unhandledPromptBehavior: , version: 83.0.4103.116, webStorageEnabled: true}
Session ID: fcdb7bfd33e6a266d2bd36d48c6fb426
	at sun.reflect.NativeConstructorAccessorImpl.newInstance0(Native Method)
	at sun.reflect.NativeConstructorAccessorImpl.newInstance(Unknown Source)
	at sun.reflect.DelegatingConstructorAccessorImpl.newInstance(Unknown Source)
	at java.lang.reflect.Constructor.newInstance(Unknown Source)
	at org.openqa.selenium.remote.ErrorHandler.createThrowable(ErrorHandler.java:214)
	at org.openqa.selenium.remote.ErrorHandler.throwIfResponseFailed(ErrorHandler.java:166)
	at org.openqa.selenium.remote.http.JsonHttpResponseCodec.reconstructValue(JsonHttpResponseCodec.java:40)
	at org.openqa.selenium.remote.http.AbstractHttpResponseCodec.decode(AbstractHttpResponseCodec.java:80)
	at org.openqa.selenium.remote.http.AbstractHttpResponseCodec.decode(AbstractHttpResponseCodec.java:44)
	at org.openqa.selenium.remote.HttpCommandExecutor.execute(HttpCommandExecutor.java:158)
	at org.openqa.selenium.remote.service.DriverCommandExecutor.execute(DriverCommandExecutor.java:83)
	at org.openqa.selenium.remote.RemoteWebDriver.execute(RemoteWebDriver.java:552)
	at org.openqa.selenium.remote.RemoteWebElement.execute(RemoteWebElement.java:285)
	at org.openqa.selenium.remote.RemoteWebElement.click(RemoteWebElement.java:84)
	at sun.reflect.GeneratedMethodAccessor2.invoke(Unknown Source)
	at sun.reflect.DelegatingMethodAccessorImpl.invoke(Unknown Source)
	at java.lang.reflect.Method.invoke(Unknown Source)
	at org.openqa.selenium.support.pagefactory.internal.LocatingElementHandler.invoke(LocatingElementHandler.java:51)
	at com.sun.proxy.$Proxy11.click(Unknown Source)
	at Illustrator.Illustration.clickLABackcasted(Illustration.java:787)
	at Illustrator.TestScenarios.TS40_EDBwBNaicLABackcasted(TestScenarios.java:2682)
	at sun.reflect.NativeMethodAccessorImpl.invoke0(Native Method)
	at sun.reflect.NativeMethodAccessorImpl.invoke(Unknown Source)
	at sun.reflect.DelegatingMethodAccessorImpl.invoke(Unknown Source)
	at java.lang.reflect.Method.invoke(Unknown Source)
	at org.testng.internal.MethodInvocationHelper.invokeMethod(MethodInvocationHelper.java:100)
	at org.testng.internal.Invoker.invokeMethod(Invoker.java:646)
	at org.testng.internal.Invoker.invokeTestMethod(Invoker.java:811)
	at org.testng.internal.Invoker.invokeTestMethods(Invoker.java:1137)
	at org.testng.internal.TestMethodWorker.invokeTestMethods(TestMethodWorker.java:129)
	at org.testng.internal.TestMethodWorker.run(TestMethodWorker.java:112)
	at org.testng.TestRunner.privateRun(TestRunner.java:753)
	at org.testng.TestRunner.run(TestRunner.java:607)
	at org.testng.SuiteRunner.runTest(SuiteRunner.java:368)
	at org.testng.SuiteRunner.runSequentially(SuiteRunner.java:363)
	at org.testng.SuiteRunner.privateRun(SuiteRunner.java:321)
	at org.testng.SuiteRunner.run(SuiteRunner.java:270)
	at org.testng.SuiteRunnerWorker.runSuite(SuiteRunnerWorker.java:52)
	at org.testng.SuiteRunnerWorker.run(SuiteRunnerWorker.java:86)
	at org.testng.TestNG.runSuitesSequentially(TestNG.java:1284)
	at org.testng.TestNG.runSuitesLocally(TestNG.java:1209)
	at org.testng.TestNG.runSuites(TestNG.java:1124)
	at org.testng.TestNG.run(TestNG.java:1096)
	at org.testng.remote.AbstractRemoteTestNG.run(AbstractRemoteTestNG.java:132)
	at org.testng.remote.RemoteTestNG.initAndRun(RemoteTestNG.java:236)
	at org.testng.remote.RemoteTestNG.main(RemoteTestNG.java:81)
]]>
            </full-stacktrace>
          </exception> <!-- org.openqa.selenium.ElementNotVisibleException -->
          <reporter-output>
          </reporter-output>
        </test-method> <!-- TS40_EDBwBNaicLABackcasted -->
        <test-method status="PASS" signature="beforeMethod()[pri:0, instance:Illustrator.TestScenarios@5034c75a]" name="beforeMethod" is-config="true" duration-ms="757" started-at="2020-07-15T15:06:16Z" finished-at="2020-07-15T15:06:16Z">
          <reporter-output>
          </reporter-output>
        </test-method> <!-- beforeMethod -->
        <test-method status="PASS" signature="afterMethod()[pri:0, instance:Illustrator.TestScenarios@5034c75a]" name="afterMethod" is-config="true" duration-ms="0" started-at="2020-07-15T15:06:16Z" finished-at="2020-07-15T15:06:16Z">
          <reporter-output>
          </reporter-output>
        </test-method> <!-- afterMethod -->
        <test-method status="PASS" signature="TS46_NoneMozaicIILevelAssumed()[pri:0, instance:Illustrator.TestScenarios@5034c75a]" name="TS46_NoneMozaicIILevelAssumed" duration-ms="43469" started-at="2020-07-15T15:06:16Z" finished-at="2020-07-15T15:07:00Z">
          <reporter-output>
          </reporter-output>
        </test-method> <!-- TS46_NoneMozaicIILevelAssumed -->
        <test-method status="PASS" signature="afterMethod()[pri:0, instance:Illustrator.TestScenarios@5034c75a]" name="afterMethod" is-config="true" duration-ms="0" started-at="2020-07-15T15:07:00Z" finished-at="2020-07-15T15:07:00Z">
          <reporter-output>
          </reporter-output>
        </test-method> <!-- afterMethod -->
        <test-method status="PASS" signature="beforeMethod()[pri:0, instance:Illustrator.TestScenarios@5034c75a]" name="beforeMethod" is-config="true" duration-ms="564" started-at="2020-07-15T15:07:00Z" finished-at="2020-07-15T15:07:00Z">
          <reporter-output>
          </reporter-output>
        </test-method> <!-- beforeMethod -->
        <test-method status="PASS" signature="TS47_IncomeMozaicIILevelAssumed()[pri:0, instance:Illustrator.TestScenarios@5034c75a]" name="TS47_IncomeMozaicIILevelAssumed" duration-ms="44079" started-at="2020-07-15T15:07:00Z" finished-at="2020-07-15T15:07:44Z">
          <reporter-output>
          </reporter-output>
        </test-method> <!-- TS47_IncomeMozaicIILevelAssumed -->
        <test-method status="PASS" signature="afterMethod()[pri:0, instance:Illustrator.TestScenarios@5034c75a]" name="afterMethod" is-config="true" duration-ms="0" started-at="2020-07-15T15:07:44Z" finished-at="2020-07-15T15:07:44Z">
          <reporter-output>
          </reporter-output>
        </test-method> <!-- afterMethod -->
        <test-method status="PASS" signature="beforeMethod()[pri:0, instance:Illustrator.TestScenarios@5034c75a]" name="beforeMethod" is-config="true" duration-ms="1346" started-at="2020-07-15T15:07:44Z" finished-at="2020-07-15T15:07:46Z">
          <reporter-output>
          </reporter-output>
        </test-method> <!-- beforeMethod -->
        <test-method status="PASS" signature="TS48_IncomeBonusMozaicIILevelAssumed()[pri:0, instance:Illustrator.TestScenarios@5034c75a]" name="TS48_IncomeBonusMozaicIILevelAssumed" duration-ms="47013" started-at="2020-07-15T15:07:46Z" finished-at="2020-07-15T15:08:33Z">
          <reporter-output>
          </reporter-output>
        </test-method> <!-- TS48_IncomeBonusMozaicIILevelAssumed -->
        <test-method status="PASS" signature="afterMethod()[pri:0, instance:Illustrator.TestScenarios@5034c75a]" name="afterMethod" is-config="true" duration-ms="1" started-at="2020-07-15T15:08:33Z" finished-at="2020-07-15T15:08:33Z">
          <reporter-output>
          </reporter-output>
        </test-method> <!-- afterMethod -->
        <test-method status="PASS" signature="beforeMethod()[pri:0, instance:Illustrator.TestScenarios@5034c75a]" name="beforeMethod" is-config="true" duration-ms="581" started-at="2020-07-15T15:08:33Z" finished-at="2020-07-15T15:08:33Z">
          <reporter-output>
          </reporter-output>
        </test-method> <!-- beforeMethod -->
        <test-method status="PASS" signature="TS49_EDBMozaicIILevelAssumed()[pri:0, instance:Illustrator.TestScenarios@5034c75a]" name="TS49_EDBMozaicIILevelAssumed" duration-ms="52972" started-at="2020-07-15T15:08:33Z" finished-at="2020-07-15T15:09:26Z">
          <reporter-output>
          </reporter-output>
        </test-method> <!-- TS49_EDBMozaicIILevelAssumed -->
        <test-method status="PASS" signature="afterMethod()[pri:0, instance:Illustrator.TestScenarios@5034c75a]" name="afterMethod" is-config="true" duration-ms="0" started-at="2020-07-15T15:09:26Z" finished-at="2020-07-15T15:09:26Z">
          <reporter-output>
          </reporter-output>
        </test-method> <!-- afterMethod -->
        <test-method status="PASS" signature="beforeMethod()[pri:0, instance:Illustrator.TestScenarios@5034c75a]" name="beforeMethod" is-config="true" duration-ms="775" started-at="2020-07-15T15:09:26Z" finished-at="2020-07-15T15:09:27Z">
          <reporter-output>
          </reporter-output>
        </test-method> <!-- beforeMethod -->
        <test-method status="PASS" signature="TS50_EDBwBMozaicIILevelAssumed()[pri:0, instance:Illustrator.TestScenarios@5034c75a]" name="TS50_EDBwBMozaicIILevelAssumed" duration-ms="46587" started-at="2020-07-15T15:09:27Z" finished-at="2020-07-15T15:10:14Z">
          <reporter-output>
          </reporter-output>
        </test-method> <!-- TS50_EDBwBMozaicIILevelAssumed -->
        <test-method status="PASS" signature="afterMethod()[pri:0, instance:Illustrator.TestScenarios@5034c75a]" name="afterMethod" is-config="true" duration-ms="0" started-at="2020-07-15T15:10:14Z" finished-at="2020-07-15T15:10:14Z">
          <reporter-output>
          </reporter-output>
        </test-method> <!-- afterMethod -->
        <test-method status="PASS" signature="beforeMethod()[pri:0, instance:Illustrator.TestScenarios@5034c75a]" name="beforeMethod" is-config="true" duration-ms="1035" started-at="2020-07-15T15:10:14Z" finished-at="2020-07-15T15:10:15Z">
          <reporter-output>
          </reporter-output>
        </test-method> <!-- beforeMethod -->
        <test-method status="PASS" signature="TS51_NoneZebraLevelAssumed()[pri:0, instance:Illustrator.TestScenarios@5034c75a]" name="TS51_NoneZebraLevelAssumed" duration-ms="43358" started-at="2020-07-15T15:10:15Z" finished-at="2020-07-15T15:10:58Z">
          <reporter-output>
          </reporter-output>
        </test-method> <!-- TS51_NoneZebraLevelAssumed -->
        <test-method status="PASS" signature="afterMethod()[pri:0, instance:Illustrator.TestScenarios@5034c75a]" name="afterMethod" is-config="true" duration-ms="1" started-at="2020-07-15T15:10:58Z" finished-at="2020-07-15T15:10:58Z">
          <reporter-output>
          </reporter-output>
        </test-method> <!-- afterMethod -->
        <test-method status="PASS" signature="beforeMethod()[pri:0, instance:Illustrator.TestScenarios@5034c75a]" name="beforeMethod" is-config="true" duration-ms="1388" started-at="2020-07-15T15:10:58Z" finished-at="2020-07-15T15:10:59Z">
          <reporter-output>
          </reporter-output>
        </test-method> <!-- beforeMethod -->
        <test-method status="PASS" signature="TS52_IncomeZebraLevelAssumed()[pri:0, instance:Illustrator.TestScenarios@5034c75a]" name="TS52_IncomeZebraLevelAssumed" duration-ms="43947" started-at="2020-07-15T15:10:59Z" finished-at="2020-07-15T15:11:43Z">
          <reporter-output>
          </reporter-output>
        </test-method> <!-- TS52_IncomeZebraLevelAssumed -->
        <test-method status="PASS" signature="afterMethod()[pri:0, instance:Illustrator.TestScenarios@5034c75a]" name="afterMethod" is-config="true" duration-ms="1" started-at="2020-07-15T15:11:43Z" finished-at="2020-07-15T15:11:43Z">
          <reporter-output>
          </reporter-output>
        </test-method> <!-- afterMethod -->
        <test-method status="PASS" signature="beforeMethod()[pri:0, instance:Illustrator.TestScenarios@5034c75a]" name="beforeMethod" is-config="true" duration-ms="1114" started-at="2020-07-15T15:11:43Z" finished-at="2020-07-15T15:11:45Z">
          <reporter-output>
          </reporter-output>
        </test-method> <!-- beforeMethod -->
        <test-method status="PASS" signature="TS53_IncomeBonusZebraLevelAssumed()[pri:0, instance:Illustrator.TestScenarios@5034c75a]" name="TS53_IncomeBonusZebraLevelAssumed" duration-ms="48665" started-at="2020-07-15T15:11:45Z" finished-at="2020-07-15T15:12:33Z">
          <reporter-output>
          </reporter-output>
        </test-method> <!-- TS53_IncomeBonusZebraLevelAssumed -->
        <test-method status="PASS" signature="afterMethod()[pri:0, instance:Illustrator.TestScenarios@5034c75a]" name="afterMethod" is-config="true" duration-ms="0" started-at="2020-07-15T15:12:33Z" finished-at="2020-07-15T15:12:33Z">
          <reporter-output>
          </reporter-output>
        </test-method> <!-- afterMethod -->
        <test-method status="PASS" signature="beforeMethod()[pri:0, instance:Illustrator.TestScenarios@5034c75a]" name="beforeMethod" is-config="true" duration-ms="1164" started-at="2020-07-15T15:12:33Z" finished-at="2020-07-15T15:12:34Z">
          <reporter-output>
          </reporter-output>
        </test-method> <!-- beforeMethod -->
        <test-method status="PASS" signature="TS54_EDBZebraLevelAssumed()[pri:0, instance:Illustrator.TestScenarios@5034c75a]" name="TS54_EDBZebraLevelAssumed" duration-ms="54296" started-at="2020-07-15T15:12:34Z" finished-at="2020-07-15T15:13:29Z">
          <reporter-output>
          </reporter-output>
        </test-method> <!-- TS54_EDBZebraLevelAssumed -->
        <test-method status="PASS" signature="afterMethod()[pri:0, instance:Illustrator.TestScenarios@5034c75a]" name="afterMethod" is-config="true" duration-ms="0" started-at="2020-07-15T15:13:29Z" finished-at="2020-07-15T15:13:29Z">
          <reporter-output>
          </reporter-output>
        </test-method> <!-- afterMethod -->
        <test-method status="PASS" signature="beforeMethod()[pri:0, instance:Illustrator.TestScenarios@5034c75a]" name="beforeMethod" is-config="true" duration-ms="946" started-at="2020-07-15T15:13:29Z" finished-at="2020-07-15T15:13:30Z">
          <reporter-output>
          </reporter-output>
        </test-method> <!-- beforeMethod -->
        <test-method status="PASS" signature="TS55_EDBwBMozaLevelAssumed()[pri:0, instance:Illustrator.TestScenarios@5034c75a]" name="TS55_EDBwBMozaLevelAssumed" duration-ms="44222" started-at="2020-07-15T15:13:30Z" finished-at="2020-07-15T15:14:14Z">
          <reporter-output>
          </reporter-output>
        </test-method> <!-- TS55_EDBwBMozaLevelAssumed -->
        <test-method status="PASS" signature="afterMethod()[pri:0, instance:Illustrator.TestScenarios@5034c75a]" name="afterMethod" is-config="true" duration-ms="0" started-at="2020-07-15T15:14:14Z" finished-at="2020-07-15T15:14:14Z">
          <reporter-output>
          </reporter-output>
        </test-method> <!-- afterMethod -->
        <test-method status="PASS" signature="end()[pri:0, instance:Illustrator.TestScenarios@5034c75a]" name="end" is-config="true" duration-ms="1" started-at="2020-07-15T15:14:14Z" finished-at="2020-07-15T15:14:14Z">
          <reporter-output>
          </reporter-output>
        </test-method> <!-- end -->
      </class> <!-- Illustrator.TestScenarios -->
    </test> <!-- Default test -->
  </suite> <!-- Default suite -->
</testng-results>
